{"synthetic": false,
 "schemaVersion": "2025-09-10",
 "outputs": null,
 "log":
 [{"message":
   ".> ELAN=elan ELAN_HOME=/root/.elan ELAN_TOOLCHAIN=leanprover/lean4:v4.28.0 LAKE=/root/.elan/toolchains/leanprover--lean4---v4.28.0/bin/lake LAKE_HOME=/root/.elan/toolchains/leanprover--lean4---v4.28.0 LAKE_PKG_URL_MAP={} LAKE_NO_CACHE=false LAKE_CACHE_KEY= LAKE_CACHE_ARTIFACT_ENDPOINT= LAKE_CACHE_REVISION_ENDPOINT= LEAN=/root/.elan/toolchains/leanprover--lean4---v4.28.0/bin/lean LEAN_SYSROOT=/root/.elan/toolchains/leanprover--lean4---v4.28.0 LEAN_AR=/root/.elan/toolchains/leanprover--lean4---v4.28.0/bin/llvm-ar LEAN_CC= LAKE_CACHE_DIR=/root/.elan/toolchains/leanprover--lean4---v4.28.0/lake/cache LAKE_ARTIFACT_CACHE=false LEAN_PATH=/root/algebraic-combinatorics/.lake/packages/batteries/.lake/build/lib/lean:/root/algebraic-combinatorics/.lake/packages/Qq/.lake/build/lib/lean:/root/algebraic-combinatorics/.lake/packages/aesop/.lake/build/lib/lean:/root/algebraic-combinatorics/.lake/packages/proofwidgets/.lake/build/lib/lean:/root/algebraic-combinatorics/.lake/packages/importGraph/.lake/build/lib/lean:/root/algebraic-combinatorics/.lake/packages/LeanSearchClient/.lake/build/lib/lean:/root/algebraic-combinatorics/.lake/packages/plausible/.lake/build/lib/lean:/root/algebraic-combinatorics/.lake/packages/mathlib/.lake/build/lib/lean:/root/algebraic-combinatorics/.lake/packages/REPL/.lake/build/lib/lean:/root/algebraic-combinatorics/.lake/packages/checkdecls/.lake/build/lib/lean:/root/algebraic-combinatorics/.lake/packages/MD4Lean/.lake/build/lib/lean:/root/algebraic-combinatorics/.lake/packages/BibtexQuery/.lake/build/lib/lean:/root/algebraic-combinatorics/.lake/packages/UnicodeBasic/.lake/build/lib/lean:/root/algebraic-combinatorics/.lake/packages/Cli/.lake/build/lib/lean:/root/algebraic-combinatorics/.lake/build/lib/lean:/root/algebraic-combinatorics/.lake/packages/doc-gen4/.lake/build/lib/lean:/root/algebraic-combinatorics/docbuild/.lake/build/lib/lean:/root/.elan/toolchains/leanprover--lean4---v4.28.0/lib/lean LEAN_SRC_PATH=/root/algebraic-combinatorics/.lake/packages/batteries:/root/algebraic-combinatorics/.lake/packages/batteries:/root/algebraic-combinatorics/.lake/packages/Qq:/root/algebraic-combinatorics/.lake/packages/Qq:/root/algebraic-combinatorics/.lake/packages/aesop:/root/algebraic-combinatorics/.lake/packages/aesop:/root/algebraic-combinatorics/.lake/packages/proofwidgets:/root/algebraic-combinatorics/.lake/packages/proofwidgets:/root/algebraic-combinatorics/.lake/packages/proofwidgets:/root/algebraic-combinatorics/.lake/packages/importGraph:/root/algebraic-combinatorics/.lake/packages/importGraph:/root/algebraic-combinatorics/.lake/packages/LeanSearchClient:/root/algebraic-combinatorics/.lake/packages/LeanSearchClient:/root/algebraic-combinatorics/.lake/packages/plausible:/root/algebraic-combinatorics/.lake/packages/plausible:/root/algebraic-combinatorics/.lake/packages/mathlib:/root/algebraic-combinatorics/.lake/packages/mathlib:/root/algebraic-combinatorics/.lake/packages/mathlib:/root/algebraic-combinatorics/.lake/packages/mathlib:/root/algebraic-combinatorics/.lake/packages/mathlib:/root/algebraic-combinatorics/.lake/packages/mathlib:/root/algebraic-combinatorics/.lake/packages/REPL:/root/algebraic-combinatorics/.lake/packages/MD4Lean:/root/algebraic-combinatorics/.lake/packages/MD4Lean:/root/algebraic-combinatorics/.lake/packages/BibtexQuery:/root/algebraic-combinatorics/.lake/packages/UnicodeBasic:/root/algebraic-combinatorics/.lake/packages/UnicodeBasic:/root/algebraic-combinatorics/.lake/packages/Cli:/root/algebraic-combinatorics/.lake/packages/Cli:/root/algebraic-combinatorics:/root/algebraic-combinatorics/.lake/packages/doc-gen4:/root/.elan/toolchains/leanprover--lean4---v4.28.0/src/lean/lake LEAN_GITHASH=7e01a1bf5c70fc6167d49c345d3bf80596e9a79b PATH LD_LIBRARY_PATH=/root/.elan/toolchains/leanprover--lean4---v4.28.0/lib/lean:/root/.elan/toolchains/leanprover--lean4---v4.28.0/lib:/root/algebraic-combinatorics/docbuild/.lake/build/lib:/root/algebraic-combinatorics/.lake/packages/doc-gen4/.lake/build/lib:/root/algebraic-combinatorics/.lake/build/lib:/root/algebraic-combinatorics/.lake/packages/Cli/.lake/build/lib:/root/algebraic-combinatorics/.lake/packages/UnicodeBasic/.lake/build/lib:/root/algebraic-combinatorics/.lake/packages/BibtexQuery/.lake/build/lib:/root/algebraic-combinatorics/.lake/packages/MD4Lean/.lake/build/lib:/root/algebraic-combinatorics/.lake/packages/checkdecls/.lake/build/lib:/root/algebraic-combinatorics/.lake/packages/REPL/.lake/build/lib:/root/algebraic-combinatorics/.lake/packages/mathlib/.lake/build/lib:/root/algebraic-combinatorics/.lake/packages/plausible/.lake/build/lib:/root/algebraic-combinatorics/.lake/packages/LeanSearchClient/.lake/build/lib:/root/algebraic-combinatorics/.lake/packages/importGraph/.lake/build/lib:/root/algebraic-combinatorics/.lake/packages/proofwidgets/.lake/build/lib:/root/algebraic-combinatorics/.lake/packages/aesop/.lake/build/lib:/root/algebraic-combinatorics/.lake/packages/Qq/.lake/build/lib:/root/algebraic-combinatorics/.lake/packages/batteries/.lake/build/lib /root/algebraic-combinatorics/.lake/packages/doc-gen4/.lake/build/bin/doc-gen4 single --build /root/algebraic-combinatorics/docbuild/.lake/build Mathlib.Tactic https://github.com/leanprover-community/mathlib4/blob/8f9d9cff6bd728b17a24e163c9402775d9e6a365/Mathlib/Tactic.lean",
   "level": "trace"}],
 "inputs":
 [["<collection>",
   [["/root/algebraic-combinatorics/docbuild/.lake/build/doc/Mathlib/Tactic/Abel.html",
     "1228b1e46e0c6b74"],
    ["/root/algebraic-combinatorics/docbuild/.lake/build/doc/Mathlib/Tactic/AdaptationNote.html",
     "edc90d11ab6cfb32"],
    ["/root/algebraic-combinatorics/docbuild/.lake/build/doc/Mathlib/Tactic/Algebraize.html",
     "a4f66e4e9680b672"],
    ["/root/algebraic-combinatorics/docbuild/.lake/build/doc/Mathlib/Tactic/ApplyAt.html",
     "f933b73c1fd9693f"],
    ["/root/algebraic-combinatorics/docbuild/.lake/build/doc/Mathlib/Tactic/ApplyCongr.html",
     "ac131eb3903cf1f9"],
    ["/root/algebraic-combinatorics/docbuild/.lake/build/doc/Mathlib/Tactic/ApplyFun.html",
     "32c46abc04574a02"],
    ["/root/algebraic-combinatorics/docbuild/.lake/build/doc/Mathlib/Tactic/ApplyWith.html",
     "6f86c2174434efc6"],
    ["/root/algebraic-combinatorics/docbuild/.lake/build/doc/Mathlib/Tactic/ArithMult.html",
     "cb9177c274c75dd9"],
    ["/root/algebraic-combinatorics/docbuild/.lake/build/doc/Mathlib/Tactic/ArithMult/Init.html",
     "9f444043e306702b"],
    ["/root/algebraic-combinatorics/docbuild/.lake/build/doc/Mathlib/Tactic/Attr/Core.html",
     "250ee6ea483a12c7"],
    ["/root/algebraic-combinatorics/docbuild/.lake/build/doc/Mathlib/Tactic/Attr/Register.html",
     "bf15cad76f9cbf62"],
    ["/root/algebraic-combinatorics/docbuild/.lake/build/doc/Mathlib/Tactic/Basic.html",
     "50761dd5491b6d25"],
    ["/root/algebraic-combinatorics/docbuild/.lake/build/doc/Mathlib/Tactic/Bound.html",
     "48268f05d9cb7034"],
    ["/root/algebraic-combinatorics/docbuild/.lake/build/doc/Mathlib/Tactic/Bound/Attribute.html",
     "a688cb845189bc8e"],
    ["/root/algebraic-combinatorics/docbuild/.lake/build/doc/Mathlib/Tactic/Bound/Init.html",
     "6e6fbfd29e50139c"],
    ["/root/algebraic-combinatorics/docbuild/.lake/build/doc/Mathlib/Tactic/ByCases.html",
     "c2882fcda4dc3904"],
    ["/root/algebraic-combinatorics/docbuild/.lake/build/doc/Mathlib/Tactic/ByContra.html",
     "96ffbf6aeef01488"],
    ["/root/algebraic-combinatorics/docbuild/.lake/build/doc/Mathlib/Tactic/CancelDenoms.html",
     "2c68ad77d370c5ba"],
    ["/root/algebraic-combinatorics/docbuild/.lake/build/doc/Mathlib/Tactic/CancelDenoms/Core.html",
     "a608b1b674015ea3"],
    ["/root/algebraic-combinatorics/docbuild/.lake/build/doc/Mathlib/Tactic/Cases.html",
     "14ca4060c1583273"],
    ["/root/algebraic-combinatorics/docbuild/.lake/build/doc/Mathlib/Tactic/CasesM.html",
     "da657eac5eccb47e"],
    ["/root/algebraic-combinatorics/docbuild/.lake/build/doc/Mathlib/Tactic/CategoryTheory/BicategoricalComp.html",
     "12c13768eec3d396"],
    ["/root/algebraic-combinatorics/docbuild/.lake/build/doc/Mathlib/Tactic/CategoryTheory/Bicategory/Basic.html",
     "ba66854ff5cebafd"],
    ["/root/algebraic-combinatorics/docbuild/.lake/build/doc/Mathlib/Tactic/CategoryTheory/Bicategory/Datatypes.html",
     "e9cc094a685a82f3"],
    ["/root/algebraic-combinatorics/docbuild/.lake/build/doc/Mathlib/Tactic/CategoryTheory/Bicategory/Normalize.html",
     "b884ba9c6e60c5b0"],
    ["/root/algebraic-combinatorics/docbuild/.lake/build/doc/Mathlib/Tactic/CategoryTheory/Bicategory/PureCoherence.html",
     "970857011e71f2b5"],
    ["/root/algebraic-combinatorics/docbuild/.lake/build/doc/Mathlib/Tactic/CategoryTheory/BicategoryCoherence.html",
     "e293c2df68609a7d"],
    ["/root/algebraic-combinatorics/docbuild/.lake/build/doc/Mathlib/Tactic/CategoryTheory/CancelIso.html",
     "da5b5125a4299191"],
    ["/root/algebraic-combinatorics/docbuild/.lake/build/doc/Mathlib/Tactic/CategoryTheory/CategoryStar.html",
     "734cea23e9318f1d"],
    ["/root/algebraic-combinatorics/docbuild/.lake/build/doc/Mathlib/Tactic/CategoryTheory/CheckCompositions.html",
     "af78f6aa8497c237"],
    ["/root/algebraic-combinatorics/docbuild/.lake/build/doc/Mathlib/Tactic/CategoryTheory/Coherence.html",
     "175d98b9b433e339"],
    ["/root/algebraic-combinatorics/docbuild/.lake/build/doc/Mathlib/Tactic/CategoryTheory/Coherence/Basic.html",
     "dec3a0dc871b5575"],
    ["/root/algebraic-combinatorics/docbuild/.lake/build/doc/Mathlib/Tactic/CategoryTheory/Coherence/Datatypes.html",
     "5df0fbbb185035fa"],
    ["/root/algebraic-combinatorics/docbuild/.lake/build/doc/Mathlib/Tactic/CategoryTheory/Coherence/Normalize.html",
     "e2bebb93c24a1c2f"],
    ["/root/algebraic-combinatorics/docbuild/.lake/build/doc/Mathlib/Tactic/CategoryTheory/Coherence/PureCoherence.html",
     "39d0e62bf453ca00"],
    ["/root/algebraic-combinatorics/docbuild/.lake/build/doc/Mathlib/Tactic/CategoryTheory/Elementwise.html",
     "5f0a0d47b62c5e4c"],
    ["/root/algebraic-combinatorics/docbuild/.lake/build/doc/Mathlib/Tactic/CategoryTheory/IsoReassoc.html",
     "31d90227c4a2f96e"],
    ["/root/algebraic-combinatorics/docbuild/.lake/build/doc/Mathlib/Tactic/CategoryTheory/Monoidal/Basic.html",
     "253763dd46471b73"],
    ["/root/algebraic-combinatorics/docbuild/.lake/build/doc/Mathlib/Tactic/CategoryTheory/Monoidal/Datatypes.html",
     "a9d460752d5d355d"],
    ["/root/algebraic-combinatorics/docbuild/.lake/build/doc/Mathlib/Tactic/CategoryTheory/Monoidal/Normalize.html",
     "1c6575ca0b5b9f8f"],
    ["/root/algebraic-combinatorics/docbuild/.lake/build/doc/Mathlib/Tactic/CategoryTheory/Monoidal/PureCoherence.html",
     "61b583a4dcf714d9"],
    ["/root/algebraic-combinatorics/docbuild/.lake/build/doc/Mathlib/Tactic/CategoryTheory/MonoidalComp.html",
     "2ede82790dadad9d"],
    ["/root/algebraic-combinatorics/docbuild/.lake/build/doc/Mathlib/Tactic/CategoryTheory/Reassoc.html",
     "f5ab56d06edee50c"],
    ["/root/algebraic-combinatorics/docbuild/.lake/build/doc/Mathlib/Tactic/CategoryTheory/Slice.html",
     "78e26e7917c97344"],
    ["/root/algebraic-combinatorics/docbuild/.lake/build/doc/Mathlib/Tactic/CategoryTheory/ToApp.html",
     "08a92127d62cf8c0"],
    ["/root/algebraic-combinatorics/docbuild/.lake/build/doc/Mathlib/Tactic/Change.html",
     "8fac96ff3a97d54f"],
    ["/root/algebraic-combinatorics/docbuild/.lake/build/doc/Mathlib/Tactic/Check.html",
     "ac0e2183ed667861"],
    ["/root/algebraic-combinatorics/docbuild/.lake/build/doc/Mathlib/Tactic/Choose.html",
     "e26827f56b28a6b2"],
    ["/root/algebraic-combinatorics/docbuild/.lake/build/doc/Mathlib/Tactic/Clean.html",
     "9e9020e31003cc76"],
    ["/root/algebraic-combinatorics/docbuild/.lake/build/doc/Mathlib/Tactic/ClearExcept.html",
     "7e8fb172fbed8012"],
    ["/root/algebraic-combinatorics/docbuild/.lake/build/doc/Mathlib/Tactic/ClearExclamation.html",
     "a60ec2eb1e7649d0"],
    ["/root/algebraic-combinatorics/docbuild/.lake/build/doc/Mathlib/Tactic/Clear_.html",
     "dd04c852e721f7f2"],
    ["/root/algebraic-combinatorics/docbuild/.lake/build/doc/Mathlib/Tactic/Coe.html",
     "e687a9971238cd61"],
    ["/root/algebraic-combinatorics/docbuild/.lake/build/doc/Mathlib/Tactic/Common.html",
     "c43d2b4b2d026809"],
    ["/root/algebraic-combinatorics/docbuild/.lake/build/doc/Mathlib/Tactic/ComputeAsymptotics/Lemmas.html",
     "1f57ac210d52a391"],
    ["/root/algebraic-combinatorics/docbuild/.lake/build/doc/Mathlib/Tactic/ComputeAsymptotics/Multiseries/Basis.html",
     "325485ef6604a747"],
    ["/root/algebraic-combinatorics/docbuild/.lake/build/doc/Mathlib/Tactic/ComputeAsymptotics/Multiseries/Corecursion.html",
     "f04d4c7133580e12"],
    ["/root/algebraic-combinatorics/docbuild/.lake/build/doc/Mathlib/Tactic/ComputeAsymptotics/Multiseries/Majorized.html",
     "0e0e4da32e647ca3"],
    ["/root/algebraic-combinatorics/docbuild/.lake/build/doc/Mathlib/Tactic/ComputeDegree.html",
     "bea824a590110162"],
    ["/root/algebraic-combinatorics/docbuild/.lake/build/doc/Mathlib/Tactic/CongrExclamation.html",
     "572936d7d203542d"],
    ["/root/algebraic-combinatorics/docbuild/.lake/build/doc/Mathlib/Tactic/CongrM.html",
     "edfd41d3f61883e4"],
    ["/root/algebraic-combinatorics/docbuild/.lake/build/doc/Mathlib/Tactic/Constructor.html",
     "c3322cb2d7fb557d"],
    ["/root/algebraic-combinatorics/docbuild/.lake/build/doc/Mathlib/Tactic/Continuity.html",
     "8ae930a9da9cdf5e"],
    ["/root/algebraic-combinatorics/docbuild/.lake/build/doc/Mathlib/Tactic/Continuity/Init.html",
     "a165d0da09d7a7b8"],
    ["/root/algebraic-combinatorics/docbuild/.lake/build/doc/Mathlib/Tactic/ContinuousFunctionalCalculus.html",
     "a472eb96d7061e14"],
    ["/root/algebraic-combinatorics/docbuild/.lake/build/doc/Mathlib/Tactic/Contrapose.html",
     "daab322c138732a4"],
    ["/root/algebraic-combinatorics/docbuild/.lake/build/doc/Mathlib/Tactic/Conv.html",
     "65c85d8ac52f5209"],
    ["/root/algebraic-combinatorics/docbuild/.lake/build/doc/Mathlib/Tactic/Convert.html",
     "3bbfb27710ff9a0e"],
    ["/root/algebraic-combinatorics/docbuild/.lake/build/doc/Mathlib/Tactic/Core.html",
     "ebb39716ed64a4f9"],
    ["/root/algebraic-combinatorics/docbuild/.lake/build/doc/Mathlib/Tactic/DeclarationNames.html",
     "709313d39260e091"],
    ["/root/algebraic-combinatorics/docbuild/.lake/build/doc/Mathlib/Tactic/DefEqTransformations.html",
     "1678180e5890bf95"],
    ["/root/algebraic-combinatorics/docbuild/.lake/build/doc/Mathlib/Tactic/DepRewrite.html",
     "b11e52811724fbee"],
    ["/root/algebraic-combinatorics/docbuild/.lake/build/doc/Mathlib/Tactic/DeprecateTo.html",
     "339baa9a4d88d854"],
    ["/root/algebraic-combinatorics/docbuild/.lake/build/doc/Mathlib/Tactic/DeriveCountable.html",
     "c19771c8fb71b2da"],
    ["/root/algebraic-combinatorics/docbuild/.lake/build/doc/Mathlib/Tactic/DeriveEncodable.html",
     "bcdd12d2f3c6e8c3"],
    ["/root/algebraic-combinatorics/docbuild/.lake/build/doc/Mathlib/Tactic/DeriveFintype.html",
     "a5dd56a30f6f0243"],
    ["/root/algebraic-combinatorics/docbuild/.lake/build/doc/Mathlib/Tactic/DeriveTraversable.html",
     "4dee57d100bf0298"],
    ["/root/algebraic-combinatorics/docbuild/.lake/build/doc/Mathlib/Tactic/ENatToNat.html",
     "287cd93c1ca66080"],
    ["/root/algebraic-combinatorics/docbuild/.lake/build/doc/Mathlib/Tactic/Eqns.html",
     "f5caf8376bb69622"],
    ["/root/algebraic-combinatorics/docbuild/.lake/build/doc/Mathlib/Tactic/ErwQuestion.html",
     "5643e6c211dcb765"],
    ["/root/algebraic-combinatorics/docbuild/.lake/build/doc/Mathlib/Tactic/Eval.html",
     "621779b3cfe2f4fb"],
    ["/root/algebraic-combinatorics/docbuild/.lake/build/doc/Mathlib/Tactic/ExistsI.html",
     "8ea49a2e96c12790"],
    ["/root/algebraic-combinatorics/docbuild/.lake/build/doc/Mathlib/Tactic/Explode.html",
     "66ac769b73e020ea"],
    ["/root/algebraic-combinatorics/docbuild/.lake/build/doc/Mathlib/Tactic/Explode/Datatypes.html",
     "307ea4b678f20408"],
    ["/root/algebraic-combinatorics/docbuild/.lake/build/doc/Mathlib/Tactic/Explode/Pretty.html",
     "2c416d6feacfe53e"],
    ["/root/algebraic-combinatorics/docbuild/.lake/build/doc/Mathlib/Tactic/Ext.html",
     "ec68d4deaefd81a3"],
    ["/root/algebraic-combinatorics/docbuild/.lake/build/doc/Mathlib/Tactic/ExtendDoc.html",
     "64127b7c27fc0837"],
    ["/root/algebraic-combinatorics/docbuild/.lake/build/doc/Mathlib/Tactic/ExtractGoal.html",
     "68adc3f040ff2f8d"],
    ["/root/algebraic-combinatorics/docbuild/.lake/build/doc/Mathlib/Tactic/FBinop.html",
     "2971f39206d349f0"],
    ["/root/algebraic-combinatorics/docbuild/.lake/build/doc/Mathlib/Tactic/FailIfNoProgress.html",
     "4a1b3debdffc082a"],
    ["/root/algebraic-combinatorics/docbuild/.lake/build/doc/Mathlib/Tactic/FastInstance.html",
     "004c9d90ab76b187"],
    ["/root/algebraic-combinatorics/docbuild/.lake/build/doc/Mathlib/Tactic/Field.html",
     "930c939e03b13c92"],
    ["/root/algebraic-combinatorics/docbuild/.lake/build/doc/Mathlib/Tactic/FieldSimp.html",
     "59eeca90394bc605"],
    ["/root/algebraic-combinatorics/docbuild/.lake/build/doc/Mathlib/Tactic/FieldSimp/Attr.html",
     "0c36bb4cfbb361fa"],
    ["/root/algebraic-combinatorics/docbuild/.lake/build/doc/Mathlib/Tactic/FieldSimp/Discharger.html",
     "83aa485f10f9428e"],
    ["/root/algebraic-combinatorics/docbuild/.lake/build/doc/Mathlib/Tactic/FieldSimp/Lemmas.html",
     "5441dd3b75108750"],
    ["/root/algebraic-combinatorics/docbuild/.lake/build/doc/Mathlib/Tactic/FinCases.html",
     "086df8644c5dd8c5"],
    ["/root/algebraic-combinatorics/docbuild/.lake/build/doc/Mathlib/Tactic/Find.html",
     "136e5d68f75a4736"],
    ["/root/algebraic-combinatorics/docbuild/.lake/build/doc/Mathlib/Tactic/FindSyntax.html",
     "29231a3110e1ef77"],
    ["/root/algebraic-combinatorics/docbuild/.lake/build/doc/Mathlib/Tactic/Finiteness.html",
     "11d2aa4c13c202eb"],
    ["/root/algebraic-combinatorics/docbuild/.lake/build/doc/Mathlib/Tactic/Finiteness/Attr.html",
     "1023d405bcffef22"],
    ["/root/algebraic-combinatorics/docbuild/.lake/build/doc/Mathlib/Tactic/FunProp.html",
     "ae8c569f540af49d"],
    ["/root/algebraic-combinatorics/docbuild/.lake/build/doc/Mathlib/Tactic/FunProp/Attr.html",
     "40da3e8a0754b2b4"],
    ["/root/algebraic-combinatorics/docbuild/.lake/build/doc/Mathlib/Tactic/FunProp/Core.html",
     "a0880883e8cd0045"],
    ["/root/algebraic-combinatorics/docbuild/.lake/build/doc/Mathlib/Tactic/FunProp/Decl.html",
     "85e10a5dcc0221ae"],
    ["/root/algebraic-combinatorics/docbuild/.lake/build/doc/Mathlib/Tactic/FunProp/Elab.html",
     "09ee35e4863ead91"],
    ["/root/algebraic-combinatorics/docbuild/.lake/build/doc/Mathlib/Tactic/FunProp/FunctionData.html",
     "b7d0f2ddb1e5ff4a"],
    ["/root/algebraic-combinatorics/docbuild/.lake/build/doc/Mathlib/Tactic/FunProp/Mor.html",
     "453e203595c556ca"],
    ["/root/algebraic-combinatorics/docbuild/.lake/build/doc/Mathlib/Tactic/FunProp/Theorems.html",
     "327f3051db373eac"],
    ["/root/algebraic-combinatorics/docbuild/.lake/build/doc/Mathlib/Tactic/FunProp/ToBatteries.html",
     "721ebe5b361f4e89"],
    ["/root/algebraic-combinatorics/docbuild/.lake/build/doc/Mathlib/Tactic/FunProp/Types.html",
     "81306f9d4f1f09e5"],
    ["/root/algebraic-combinatorics/docbuild/.lake/build/doc/Mathlib/Tactic/GCongr.html",
     "93468e40f543f22c"],
    ["/root/algebraic-combinatorics/docbuild/.lake/build/doc/Mathlib/Tactic/GCongr/Core.html",
     "cd9ec7bc4fcc9ed1"],
    ["/root/algebraic-combinatorics/docbuild/.lake/build/doc/Mathlib/Tactic/GCongr/CoreAttrs.html",
     "4ec5df5d16e1581b"],
    ["/root/algebraic-combinatorics/docbuild/.lake/build/doc/Mathlib/Tactic/GCongr/ForwardAttr.html",
     "dffbb7ee28989932"],
    ["/root/algebraic-combinatorics/docbuild/.lake/build/doc/Mathlib/Tactic/GRewrite.html",
     "cb6b64f8eb0a52ae"],
    ["/root/algebraic-combinatorics/docbuild/.lake/build/doc/Mathlib/Tactic/GRewrite/Core.html",
     "b54cb40d04e8ef1a"],
    ["/root/algebraic-combinatorics/docbuild/.lake/build/doc/Mathlib/Tactic/GRewrite/Elab.html",
     "c47e9b6d3108c280"],
    ["/root/algebraic-combinatorics/docbuild/.lake/build/doc/Mathlib/Tactic/Generalize.html",
     "ddd09a74a19ecef4"],
    ["/root/algebraic-combinatorics/docbuild/.lake/build/doc/Mathlib/Tactic/GeneralizeProofs.html",
     "b236ad2230b3bc0e"],
    ["/root/algebraic-combinatorics/docbuild/.lake/build/doc/Mathlib/Tactic/Group.html",
     "70959a24c6f58b3c"],
    ["/root/algebraic-combinatorics/docbuild/.lake/build/doc/Mathlib/Tactic/GuardGoalNums.html",
     "89c02bfedae77665"],
    ["/root/algebraic-combinatorics/docbuild/.lake/build/doc/Mathlib/Tactic/GuardHypNums.html",
     "36f87a92df6a25e1"],
    ["/root/algebraic-combinatorics/docbuild/.lake/build/doc/Mathlib/Tactic/Have.html",
     "32fa98e2529d7b53"],
    ["/root/algebraic-combinatorics/docbuild/.lake/build/doc/Mathlib/Tactic/HaveI.html",
     "1c5606c41e27b0df"],
    ["/root/algebraic-combinatorics/docbuild/.lake/build/doc/Mathlib/Tactic/HigherOrder.html",
     "c8578901e36317fe"],
    ["/root/algebraic-combinatorics/docbuild/.lake/build/doc/Mathlib/Tactic/Hint.html",
     "0026198ce8f6292e"],
    ["/root/algebraic-combinatorics/docbuild/.lake/build/doc/Mathlib/Tactic/ITauto.html",
     "fc47f80736c0cf43"],
    ["/root/algebraic-combinatorics/docbuild/.lake/build/doc/Mathlib/Tactic/InferParam.html",
     "c5d08fec37a89429"],
    ["/root/algebraic-combinatorics/docbuild/.lake/build/doc/Mathlib/Tactic/Inhabit.html",
     "78dddfbdc0f1235b"],
    ["/root/algebraic-combinatorics/docbuild/.lake/build/doc/Mathlib/Tactic/IntervalCases.html",
     "21da6eedf438a46c"],
    ["/root/algebraic-combinatorics/docbuild/.lake/build/doc/Mathlib/Tactic/IrreducibleDef.html",
     "f0621967b22bad28"],
    ["/root/algebraic-combinatorics/docbuild/.lake/build/doc/Mathlib/Tactic/Lemma.html",
     "c5bdc61432d6e73f"],
    ["/root/algebraic-combinatorics/docbuild/.lake/build/doc/Mathlib/Tactic/Lift.html",
     "a90ce98aac5d44b9"],
    ["/root/algebraic-combinatorics/docbuild/.lake/build/doc/Mathlib/Tactic/Linarith.html",
     "65fda2ed54751f4f"],
    ["/root/algebraic-combinatorics/docbuild/.lake/build/doc/Mathlib/Tactic/Linarith/Datatypes.html",
     "5e9085a5f8e61408"],
    ["/root/algebraic-combinatorics/docbuild/.lake/build/doc/Mathlib/Tactic/Linarith/Frontend.html",
     "d9c5eebc87314243"],
    ["/root/algebraic-combinatorics/docbuild/.lake/build/doc/Mathlib/Tactic/Linarith/Lemmas.html",
     "3a1d8f2792cb2f0b"],
    ["/root/algebraic-combinatorics/docbuild/.lake/build/doc/Mathlib/Tactic/Linarith/Oracle/FourierMotzkin.html",
     "176c92a988b2e60a"],
    ["/root/algebraic-combinatorics/docbuild/.lake/build/doc/Mathlib/Tactic/Linarith/Oracle/SimplexAlgorithm.html",
     "b389d76f4eb0b9ed"],
    ["/root/algebraic-combinatorics/docbuild/.lake/build/doc/Mathlib/Tactic/Linarith/Oracle/SimplexAlgorithm/Datatypes.html",
     "c448d0f96501d519"],
    ["/root/algebraic-combinatorics/docbuild/.lake/build/doc/Mathlib/Tactic/Linarith/Oracle/SimplexAlgorithm/Gauss.html",
     "a01c3bfc4930e2ae"],
    ["/root/algebraic-combinatorics/docbuild/.lake/build/doc/Mathlib/Tactic/Linarith/Oracle/SimplexAlgorithm/PositiveVector.html",
     "531f9414e5e7c624"],
    ["/root/algebraic-combinatorics/docbuild/.lake/build/doc/Mathlib/Tactic/Linarith/Oracle/SimplexAlgorithm/SimplexAlgorithm.html",
     "417eb3fcae80640b"],
    ["/root/algebraic-combinatorics/docbuild/.lake/build/doc/Mathlib/Tactic/Linarith/Parsing.html",
     "2fa41a563227cae1"],
    ["/root/algebraic-combinatorics/docbuild/.lake/build/doc/Mathlib/Tactic/Linarith/Preprocessing.html",
     "fe879e0c6e18ed2a"],
    ["/root/algebraic-combinatorics/docbuild/.lake/build/doc/Mathlib/Tactic/Linarith/Verification.html",
     "4618fec69be6b83d"],
    ["/root/algebraic-combinatorics/docbuild/.lake/build/doc/Mathlib/Tactic/LinearCombination.html",
     "9dda252d7410c307"],
    ["/root/algebraic-combinatorics/docbuild/.lake/build/doc/Mathlib/Tactic/LinearCombination'.html",
     "22e10656d7de0c86"],
    ["/root/algebraic-combinatorics/docbuild/.lake/build/doc/Mathlib/Tactic/LinearCombination/Lemmas.html",
     "0875900904717888"],
    ["/root/algebraic-combinatorics/docbuild/.lake/build/doc/Mathlib/Tactic/Linter.html",
     "22ab05e222148d8d"],
    ["/root/algebraic-combinatorics/docbuild/.lake/build/doc/Mathlib/Tactic/Linter/CommandRanges.html",
     "55e0febae11789a2"],
    ["/root/algebraic-combinatorics/docbuild/.lake/build/doc/Mathlib/Tactic/Linter/CommandStart.html",
     "4e0946f806b32a47"],
    ["/root/algebraic-combinatorics/docbuild/.lake/build/doc/Mathlib/Tactic/Linter/DeprecatedModule.html",
     "b8f65ba48667655d"],
    ["/root/algebraic-combinatorics/docbuild/.lake/build/doc/Mathlib/Tactic/Linter/DeprecatedSyntaxLinter.html",
     "d0b8e78c53355002"],
    ["/root/algebraic-combinatorics/docbuild/.lake/build/doc/Mathlib/Tactic/Linter/DirectoryDependency.html",
     "f988e6106ada8f46"],
    ["/root/algebraic-combinatorics/docbuild/.lake/build/doc/Mathlib/Tactic/Linter/DocPrime.html",
     "54c77ef4fc71edb8"],
    ["/root/algebraic-combinatorics/docbuild/.lake/build/doc/Mathlib/Tactic/Linter/DocString.html",
     "3eaf739affa7acbf"],
    ["/root/algebraic-combinatorics/docbuild/.lake/build/doc/Mathlib/Tactic/Linter/EmptyLine.html",
     "b968c8c6dbd7c636"],
    ["/root/algebraic-combinatorics/docbuild/.lake/build/doc/Mathlib/Tactic/Linter/FindDeprecations.html",
     "c091a0c76dc2f807"],
    ["/root/algebraic-combinatorics/docbuild/.lake/build/doc/Mathlib/Tactic/Linter/FlexibleLinter.html",
     "c1adfdb24963ee9e"],
    ["/root/algebraic-combinatorics/docbuild/.lake/build/doc/Mathlib/Tactic/Linter/GlobalAttributeIn.html",
     "f625d816f8c5ac82"],
    ["/root/algebraic-combinatorics/docbuild/.lake/build/doc/Mathlib/Tactic/Linter/HashCommandLinter.html",
     "b49a553f43eb63db"],
    ["/root/algebraic-combinatorics/docbuild/.lake/build/doc/Mathlib/Tactic/Linter/HaveLetLinter.html",
     "4c954f5632d58cd1"],
    ["/root/algebraic-combinatorics/docbuild/.lake/build/doc/Mathlib/Tactic/Linter/Header.html",
     "36f4890187867d1f"],
    ["/root/algebraic-combinatorics/docbuild/.lake/build/doc/Mathlib/Tactic/Linter/Lint.html",
     "5b5f240965844504"],
    ["/root/algebraic-combinatorics/docbuild/.lake/build/doc/Mathlib/Tactic/Linter/MinImports.html",
     "0376e5df60e1f35a"],
    ["/root/algebraic-combinatorics/docbuild/.lake/build/doc/Mathlib/Tactic/Linter/Multigoal.html",
     "c0d7178b4d10fc45"],
    ["/root/algebraic-combinatorics/docbuild/.lake/build/doc/Mathlib/Tactic/Linter/OldObtain.html",
     "7582c0b963a2f546"],
    ["/root/algebraic-combinatorics/docbuild/.lake/build/doc/Mathlib/Tactic/Linter/PPRoundtrip.html",
     "3b31cff9cadfaa88"],
    ["/root/algebraic-combinatorics/docbuild/.lake/build/doc/Mathlib/Tactic/Linter/PrivateModule.html",
     "e818b0dbf28026c1"],
    ["/root/algebraic-combinatorics/docbuild/.lake/build/doc/Mathlib/Tactic/Linter/Style.html",
     "1b1a562dbb2e7348"],
    ["/root/algebraic-combinatorics/docbuild/.lake/build/doc/Mathlib/Tactic/Linter/TacticDocumentation.html",
     "0f01072f026948f5"],
    ["/root/algebraic-combinatorics/docbuild/.lake/build/doc/Mathlib/Tactic/Linter/TextBased.html",
     "69329f1f9097675a"],
    ["/root/algebraic-combinatorics/docbuild/.lake/build/doc/Mathlib/Tactic/Linter/TextBased/UnicodeLinter.html",
     "9c43c6eca52b03fc"],
    ["/root/algebraic-combinatorics/docbuild/.lake/build/doc/Mathlib/Tactic/Linter/UnusedInstancesInType.html",
     "09a34a658eed183f"],
    ["/root/algebraic-combinatorics/docbuild/.lake/build/doc/Mathlib/Tactic/Linter/UnusedTactic.html",
     "d03e187c9b362b3b"],
    ["/root/algebraic-combinatorics/docbuild/.lake/build/doc/Mathlib/Tactic/Linter/UnusedTacticExtension.html",
     "b5be950bb1d808a2"],
    ["/root/algebraic-combinatorics/docbuild/.lake/build/doc/Mathlib/Tactic/Linter/UpstreamableDecl.html",
     "31faa44b9103d947"],
    ["/root/algebraic-combinatorics/docbuild/.lake/build/doc/Mathlib/Tactic/Linter/ValidatePRTitle.html",
     "b8fa3ad051e01644"],
    ["/root/algebraic-combinatorics/docbuild/.lake/build/doc/Mathlib/Tactic/Linter/Whitespace.html",
     "83b14ac0d2ea493f"],
    ["/root/algebraic-combinatorics/docbuild/.lake/build/doc/Mathlib/Tactic/Measurability.html",
     "9dd982b57f76b3ed"],
    ["/root/algebraic-combinatorics/docbuild/.lake/build/doc/Mathlib/Tactic/Measurability/Init.html",
     "f92cdd30f3dc5741"],
    ["/root/algebraic-combinatorics/docbuild/.lake/build/doc/Mathlib/Tactic/MinImports.html",
     "250bd06b76910905"],
    ["/root/algebraic-combinatorics/docbuild/.lake/build/doc/Mathlib/Tactic/MkIffOfInductiveProp.html",
     "5998c26a7a2eaa08"],
    ["/root/algebraic-combinatorics/docbuild/.lake/build/doc/Mathlib/Tactic/ModCases.html",
     "f7533d5e4c99c9b4"],
    ["/root/algebraic-combinatorics/docbuild/.lake/build/doc/Mathlib/Tactic/Module.html",
     "71ef2e015ef6a1b0"],
    ["/root/algebraic-combinatorics/docbuild/.lake/build/doc/Mathlib/Tactic/Monotonicity.html",
     "074a60d358c5f566"],
    ["/root/algebraic-combinatorics/docbuild/.lake/build/doc/Mathlib/Tactic/Monotonicity/Attr.html",
     "02519cb62e2e22e6"],
    ["/root/algebraic-combinatorics/docbuild/.lake/build/doc/Mathlib/Tactic/Monotonicity/Basic.html",
     "ab38611bfe39a780"],
    ["/root/algebraic-combinatorics/docbuild/.lake/build/doc/Mathlib/Tactic/Monotonicity/Lemmas.html",
     "aaa3f1af68984a60"],
    ["/root/algebraic-combinatorics/docbuild/.lake/build/doc/Mathlib/Tactic/MoveAdd.html",
     "09e0bffaa141ce31"],
    ["/root/algebraic-combinatorics/docbuild/.lake/build/doc/Mathlib/Tactic/NoncommRing.html",
     "18ba7b8ce4e8a8b9"],
    ["/root/algebraic-combinatorics/docbuild/.lake/build/doc/Mathlib/Tactic/Nontriviality.html",
     "c872ce46cd0b4191"],
    ["/root/algebraic-combinatorics/docbuild/.lake/build/doc/Mathlib/Tactic/Nontriviality/Core.html",
     "fb6ed7b124af30ec"],
    ["/root/algebraic-combinatorics/docbuild/.lake/build/doc/Mathlib/Tactic/NormNum.html",
     "a467a2a71e308cce"],
    ["/root/algebraic-combinatorics/docbuild/.lake/build/doc/Mathlib/Tactic/NormNum/Abs.html",
     "2d2279ab5933bb26"],
    ["/root/algebraic-combinatorics/docbuild/.lake/build/doc/Mathlib/Tactic/NormNum/Basic.html",
     "292887c0da3ec437"],
    ["/root/algebraic-combinatorics/docbuild/.lake/build/doc/Mathlib/Tactic/NormNum/BigOperators.html",
     "56e475ea88c46330"],
    ["/root/algebraic-combinatorics/docbuild/.lake/build/doc/Mathlib/Tactic/NormNum/Core.html",
     "4324d20198355a06"],
    ["/root/algebraic-combinatorics/docbuild/.lake/build/doc/Mathlib/Tactic/NormNum/DivMod.html",
     "8e81056fcce5a239"],
    ["/root/algebraic-combinatorics/docbuild/.lake/build/doc/Mathlib/Tactic/NormNum/Eq.html",
     "3a39141fecad2e17"],
    ["/root/algebraic-combinatorics/docbuild/.lake/build/doc/Mathlib/Tactic/NormNum/GCD.html",
     "659647ab138a44b2"],
    ["/root/algebraic-combinatorics/docbuild/.lake/build/doc/Mathlib/Tactic/NormNum/Ineq.html",
     "83d0eee36f8fb7f3"],
    ["/root/algebraic-combinatorics/docbuild/.lake/build/doc/Mathlib/Tactic/NormNum/Inv.html",
     "f6ebdf3e53488776"],
    ["/root/algebraic-combinatorics/docbuild/.lake/build/doc/Mathlib/Tactic/NormNum/Irrational.html",
     "3f5ca0de666a989f"],
    ["/root/algebraic-combinatorics/docbuild/.lake/build/doc/Mathlib/Tactic/NormNum/IsCoprime.html",
     "c422bfb32de53a02"],
    ["/root/algebraic-combinatorics/docbuild/.lake/build/doc/Mathlib/Tactic/NormNum/IsSquare.html",
     "3f7724b27b3af8e0"],
    ["/root/algebraic-combinatorics/docbuild/.lake/build/doc/Mathlib/Tactic/NormNum/LegendreSymbol.html",
     "3a138da6a9304fa9"],
    ["/root/algebraic-combinatorics/docbuild/.lake/build/doc/Mathlib/Tactic/NormNum/ModEq.html",
     "db2da818d7886848"],
    ["/root/algebraic-combinatorics/docbuild/.lake/build/doc/Mathlib/Tactic/NormNum/NatFactorial.html",
     "22422102ebd81c36"],
    ["/root/algebraic-combinatorics/docbuild/.lake/build/doc/Mathlib/Tactic/NormNum/NatFib.html",
     "f881acd2767a4bcf"],
    ["/root/algebraic-combinatorics/docbuild/.lake/build/doc/Mathlib/Tactic/NormNum/NatLog.html",
     "b4153279fd938b0a"],
    ["/root/algebraic-combinatorics/docbuild/.lake/build/doc/Mathlib/Tactic/NormNum/NatSqrt.html",
     "27ffe9d43c5bc0f4"],
    ["/root/algebraic-combinatorics/docbuild/.lake/build/doc/Mathlib/Tactic/NormNum/OfScientific.html",
     "4d5d8d25105dd0ac"],
    ["/root/algebraic-combinatorics/docbuild/.lake/build/doc/Mathlib/Tactic/NormNum/Ordinal.html",
     "c21c0a0a28e3b564"],
    ["/root/algebraic-combinatorics/docbuild/.lake/build/doc/Mathlib/Tactic/NormNum/Parity.html",
     "e95ee2e16027f1b3"],
    ["/root/algebraic-combinatorics/docbuild/.lake/build/doc/Mathlib/Tactic/NormNum/Pow.html",
     "c9013b856e4ba3fb"],
    ["/root/algebraic-combinatorics/docbuild/.lake/build/doc/Mathlib/Tactic/NormNum/PowMod.html",
     "bb87461cb9fac791"],
    ["/root/algebraic-combinatorics/docbuild/.lake/build/doc/Mathlib/Tactic/NormNum/Prime.html",
     "459206ffe6c56298"],
    ["/root/algebraic-combinatorics/docbuild/.lake/build/doc/Mathlib/Tactic/NormNum/RealSqrt.html",
     "0db5d6924884dfb9"],
    ["/root/algebraic-combinatorics/docbuild/.lake/build/doc/Mathlib/Tactic/NormNum/Result.html",
     "c417aa92eeb71402"],
    ["/root/algebraic-combinatorics/docbuild/.lake/build/doc/Mathlib/Tactic/NthRewrite.html",
     "15001542a7b52d99"],
    ["/root/algebraic-combinatorics/docbuild/.lake/build/doc/Mathlib/Tactic/Observe.html",
     "69b0bd5e004a8492"],
    ["/root/algebraic-combinatorics/docbuild/.lake/build/doc/Mathlib/Tactic/OfNat.html",
     "5000ccaa5380e7ce"],
    ["/root/algebraic-combinatorics/docbuild/.lake/build/doc/Mathlib/Tactic/Order.html",
     "c5266738b2b47fd2"],
    ["/root/algebraic-combinatorics/docbuild/.lake/build/doc/Mathlib/Tactic/Order/CollectFacts.html",
     "c3aa90affb4706d3"],
    ["/root/algebraic-combinatorics/docbuild/.lake/build/doc/Mathlib/Tactic/Order/Graph/Basic.html",
     "629b75b68bc7f605"],
    ["/root/algebraic-combinatorics/docbuild/.lake/build/doc/Mathlib/Tactic/Order/Graph/Tarjan.html",
     "f0667c770c25e6b3"],
    ["/root/algebraic-combinatorics/docbuild/.lake/build/doc/Mathlib/Tactic/Order/Preprocessing.html",
     "a7f0353534e07da0"],
    ["/root/algebraic-combinatorics/docbuild/.lake/build/doc/Mathlib/Tactic/Order/ToInt.html",
     "611185f2546537c2"],
    ["/root/algebraic-combinatorics/docbuild/.lake/build/doc/Mathlib/Tactic/PNatToNat.html",
     "f6313736db79210e"],
    ["/root/algebraic-combinatorics/docbuild/.lake/build/doc/Mathlib/Tactic/PPWithUniv.html",
     "bdcaa525e09e8127"],
    ["/root/algebraic-combinatorics/docbuild/.lake/build/doc/Mathlib/Tactic/Peel.html",
     "889351d37b7aef0f"],
    ["/root/algebraic-combinatorics/docbuild/.lake/build/doc/Mathlib/Tactic/Polyrith.html",
     "d336ce41091b44de"],
    ["/root/algebraic-combinatorics/docbuild/.lake/build/doc/Mathlib/Tactic/Positivity.html",
     "50a14ad0da2fd1bf"],
    ["/root/algebraic-combinatorics/docbuild/.lake/build/doc/Mathlib/Tactic/Positivity/Basic.html",
     "1e3f1435012f0b7e"],
    ["/root/algebraic-combinatorics/docbuild/.lake/build/doc/Mathlib/Tactic/Positivity/Core.html",
     "c20ed67d81b829f4"],
    ["/root/algebraic-combinatorics/docbuild/.lake/build/doc/Mathlib/Tactic/Positivity/Finset.html",
     "8712f8ff06e5b65b"],
    ["/root/algebraic-combinatorics/docbuild/.lake/build/doc/Mathlib/Tactic/ProdAssoc.html",
     "39c06c21650b53bd"],
    ["/root/algebraic-combinatorics/docbuild/.lake/build/doc/Mathlib/Tactic/Propose.html",
     "0c9ffd2793d87813"],
    ["/root/algebraic-combinatorics/docbuild/.lake/build/doc/Mathlib/Tactic/ProxyType.html",
     "9473982f32672512"],
    ["/root/algebraic-combinatorics/docbuild/.lake/build/doc/Mathlib/Tactic/Push.html",
     "d71f3956fee6c962"],
    ["/root/algebraic-combinatorics/docbuild/.lake/build/doc/Mathlib/Tactic/Push/Attr.html",
     "9702ab71b24e2ffa"],
    ["/root/algebraic-combinatorics/docbuild/.lake/build/doc/Mathlib/Tactic/Qify.html",
     "dca3c483032829cc"],
    ["/root/algebraic-combinatorics/docbuild/.lake/build/doc/Mathlib/Tactic/RSuffices.html",
     "32f96367a7eb138e"],
    ["/root/algebraic-combinatorics/docbuild/.lake/build/doc/Mathlib/Tactic/Recall.html",
     "df2c8e05d8d6597b"],
    ["/root/algebraic-combinatorics/docbuild/.lake/build/doc/Mathlib/Tactic/Recover.html",
     "d98b0115c7a704cc"],
    ["/root/algebraic-combinatorics/docbuild/.lake/build/doc/Mathlib/Tactic/ReduceModChar.html",
     "ae04b880477e3890"],
    ["/root/algebraic-combinatorics/docbuild/.lake/build/doc/Mathlib/Tactic/ReduceModChar/Ext.html",
     "840cbca91cf8cc38"],
    ["/root/algebraic-combinatorics/docbuild/.lake/build/doc/Mathlib/Tactic/Relation/Rfl.html",
     "dc9af9df49de8cc3"],
    ["/root/algebraic-combinatorics/docbuild/.lake/build/doc/Mathlib/Tactic/Relation/Symm.html",
     "f31adbefcc8db15c"],
    ["/root/algebraic-combinatorics/docbuild/.lake/build/doc/Mathlib/Tactic/Rename.html",
     "fbe08c05b1d51d23"],
    ["/root/algebraic-combinatorics/docbuild/.lake/build/doc/Mathlib/Tactic/RenameBVar.html",
     "1dc9d3262f8a3e4e"],
    ["/root/algebraic-combinatorics/docbuild/.lake/build/doc/Mathlib/Tactic/Replace.html",
     "2b911ed0306e2f8f"],
    ["/root/algebraic-combinatorics/docbuild/.lake/build/doc/Mathlib/Tactic/RewriteSearch.html",
     "29f4a56f3dbf1a74"],
    ["/root/algebraic-combinatorics/docbuild/.lake/build/doc/Mathlib/Tactic/Rify.html",
     "f76f962f87cdccd3"],
    ["/root/algebraic-combinatorics/docbuild/.lake/build/doc/Mathlib/Tactic/Ring.html",
     "e42ea19eb55e71e2"],
    ["/root/algebraic-combinatorics/docbuild/.lake/build/doc/Mathlib/Tactic/Ring/Basic.html",
     "e50fea873003b990"],
    ["/root/algebraic-combinatorics/docbuild/.lake/build/doc/Mathlib/Tactic/Ring/Common.html",
     "057db350a24cc034"],
    ["/root/algebraic-combinatorics/docbuild/.lake/build/doc/Mathlib/Tactic/Ring/Compare.html",
     "55ebe29b986dbee8"],
    ["/root/algebraic-combinatorics/docbuild/.lake/build/doc/Mathlib/Tactic/Ring/NamePolyVars.html",
     "db31af4f62eb26f7"],
    ["/root/algebraic-combinatorics/docbuild/.lake/build/doc/Mathlib/Tactic/Ring/PNat.html",
     "98b35447cdc4361f"],
    ["/root/algebraic-combinatorics/docbuild/.lake/build/doc/Mathlib/Tactic/Ring/RingNF.html",
     "82e7d45291c5cb1c"],
    ["/root/algebraic-combinatorics/docbuild/.lake/build/doc/Mathlib/Tactic/Sat/FromLRAT.html",
     "5340babdb0f5d261"],
    ["/root/algebraic-combinatorics/docbuild/.lake/build/doc/Mathlib/Tactic/Says.html",
     "685ddeab3d651aa7"],
    ["/root/algebraic-combinatorics/docbuild/.lake/build/doc/Mathlib/Tactic/ScopedNS.html",
     "25a276409a7c1668"],
    ["/root/algebraic-combinatorics/docbuild/.lake/build/doc/Mathlib/Tactic/Set.html",
     "427f13b6c8fb2bdd"],
    ["/root/algebraic-combinatorics/docbuild/.lake/build/doc/Mathlib/Tactic/SetLike.html",
     "3d30534c54e50c7b"],
    ["/root/algebraic-combinatorics/docbuild/.lake/build/doc/Mathlib/Tactic/SimpIntro.html",
     "8da7c94823e3b11f"],
    ["/root/algebraic-combinatorics/docbuild/.lake/build/doc/Mathlib/Tactic/SimpRw.html",
     "14fd7940b4faf28a"],
    ["/root/algebraic-combinatorics/docbuild/.lake/build/doc/Mathlib/Tactic/Simproc/Divisors.html",
     "0fa048d15ed73628"],
    ["/root/algebraic-combinatorics/docbuild/.lake/build/doc/Mathlib/Tactic/Simproc/ExistsAndEq.html",
     "724b33c3df8508f6"],
    ["/root/algebraic-combinatorics/docbuild/.lake/build/doc/Mathlib/Tactic/Simproc/Factors.html",
     "11ef9e7ac6568542"],
    ["/root/algebraic-combinatorics/docbuild/.lake/build/doc/Mathlib/Tactic/Simproc/FinsetInterval.html",
     "8ae1c7349f327898"],
    ["/root/algebraic-combinatorics/docbuild/.lake/build/doc/Mathlib/Tactic/Simps/Basic.html",
     "81b8090541e7bb83"],
    ["/root/algebraic-combinatorics/docbuild/.lake/build/doc/Mathlib/Tactic/Simps/NotationClass.html",
     "eda2569b6e50b8b5"],
    ["/root/algebraic-combinatorics/docbuild/.lake/build/doc/Mathlib/Tactic/SplitIfs.html",
     "9cf57c53dec67a0d"],
    ["/root/algebraic-combinatorics/docbuild/.lake/build/doc/Mathlib/Tactic/Spread.html",
     "de05401cb7b742dd"],
    ["/root/algebraic-combinatorics/docbuild/.lake/build/doc/Mathlib/Tactic/StacksAttribute.html",
     "fb54bfd4656107bb"],
    ["/root/algebraic-combinatorics/docbuild/.lake/build/doc/Mathlib/Tactic/Subsingleton.html",
     "a729f37372b61ad8"],
    ["/root/algebraic-combinatorics/docbuild/.lake/build/doc/Mathlib/Tactic/Substs.html",
     "841aabe1effd141b"],
    ["/root/algebraic-combinatorics/docbuild/.lake/build/doc/Mathlib/Tactic/SuccessIfFailWithMsg.html",
     "01957d5f3b337e6d"],
    ["/root/algebraic-combinatorics/docbuild/.lake/build/doc/Mathlib/Tactic/SudoSetOption.html",
     "18f0419ddab02dc5"],
    ["/root/algebraic-combinatorics/docbuild/.lake/build/doc/Mathlib/Tactic/SuppressCompilation.html",
     "7348dd3b6b05278c"],
    ["/root/algebraic-combinatorics/docbuild/.lake/build/doc/Mathlib/Tactic/SwapVar.html",
     "a8f8bde40ea5fdbf"],
    ["/root/algebraic-combinatorics/docbuild/.lake/build/doc/Mathlib/Tactic/TFAE.html",
     "e6891ac00a08f1d2"],
    ["/root/algebraic-combinatorics/docbuild/.lake/build/doc/Mathlib/Tactic/TacticAnalysis.html",
     "084111f52bf192ca"],
    ["/root/algebraic-combinatorics/docbuild/.lake/build/doc/Mathlib/Tactic/TacticAnalysis/Declarations.html",
     "a51e4fb475c6907c"],
    ["/root/algebraic-combinatorics/docbuild/.lake/build/doc/Mathlib/Tactic/Tauto.html",
     "c053e84278d94a15"],
    ["/root/algebraic-combinatorics/docbuild/.lake/build/doc/Mathlib/Tactic/TautoSet.html",
     "797bb8160acb7bf3"],
    ["/root/algebraic-combinatorics/docbuild/.lake/build/doc/Mathlib/Tactic/TermCongr.html",
     "a41690fea7c81f23"],
    ["/root/algebraic-combinatorics/docbuild/.lake/build/doc/Mathlib/Tactic/ToAdditive.html",
     "6c54e22a1b16512a"],
    ["/root/algebraic-combinatorics/docbuild/.lake/build/doc/Mathlib/Tactic/ToDual.html",
     "367f4f960a6d837b"],
    ["/root/algebraic-combinatorics/docbuild/.lake/build/doc/Mathlib/Tactic/ToExpr.html",
     "6ac0287e18aa1112"],
    ["/root/algebraic-combinatorics/docbuild/.lake/build/doc/Mathlib/Tactic/ToFun.html",
     "3518c17cdde24af9"],
    ["/root/algebraic-combinatorics/docbuild/.lake/build/doc/Mathlib/Tactic/ToLevel.html",
     "3fd400b8156b87e8"],
    ["/root/algebraic-combinatorics/docbuild/.lake/build/doc/Mathlib/Tactic/Trace.html",
     "562c9b2fb8d4abfd"],
    ["/root/algebraic-combinatorics/docbuild/.lake/build/doc/Mathlib/Tactic/Translate/Core.html",
     "9bee2bd864dd3fd9"],
    ["/root/algebraic-combinatorics/docbuild/.lake/build/doc/Mathlib/Tactic/Translate/GuessName.html",
     "5f1b1d01e90099a5"],
    ["/root/algebraic-combinatorics/docbuild/.lake/build/doc/Mathlib/Tactic/Translate/TagUnfoldBoundary.html",
     "25773c93032d0f0e"],
    ["/root/algebraic-combinatorics/docbuild/.lake/build/doc/Mathlib/Tactic/Translate/ToAdditive.html",
     "43958321d6c7aced"],
    ["/root/algebraic-combinatorics/docbuild/.lake/build/doc/Mathlib/Tactic/Translate/ToDual.html",
     "c4f34ee02b01cae9"],
    ["/root/algebraic-combinatorics/docbuild/.lake/build/doc/Mathlib/Tactic/Translate/UnfoldBoundary.html",
     "88e09c48e33c00ab"],
    ["/root/algebraic-combinatorics/docbuild/.lake/build/doc/Mathlib/Tactic/TryThis.html",
     "fb748e9b90a87411"],
    ["/root/algebraic-combinatorics/docbuild/.lake/build/doc/Mathlib/Tactic/TypeCheck.html",
     "cb8a69603ade2aa8"],
    ["/root/algebraic-combinatorics/docbuild/.lake/build/doc/Mathlib/Tactic/TypeStar.html",
     "dbd0525135c6f2cf"],
    ["/root/algebraic-combinatorics/docbuild/.lake/build/doc/Mathlib/Tactic/UnsetOption.html",
     "cf7b12f793b150ac"],
    ["/root/algebraic-combinatorics/docbuild/.lake/build/doc/Mathlib/Tactic/Use.html",
     "364dd0952db4c728"],
    ["/root/algebraic-combinatorics/docbuild/.lake/build/doc/Mathlib/Tactic/Variable.html",
     "a693d4014c0dd0fe"],
    ["/root/algebraic-combinatorics/docbuild/.lake/build/doc/Mathlib/Tactic/WLOG.html",
     "e3994a772a6193a4"],
    ["/root/algebraic-combinatorics/docbuild/.lake/build/doc/Mathlib/Tactic/Widget/Calc.html",
     "100bf135c3a8b3b6"],
    ["/root/algebraic-combinatorics/docbuild/.lake/build/doc/Mathlib/Tactic/Widget/CommDiag.html",
     "4acb6ac9a09afb77"],
    ["/root/algebraic-combinatorics/docbuild/.lake/build/doc/Mathlib/Tactic/Widget/CongrM.html",
     "03988efd3ee5b8e7"],
    ["/root/algebraic-combinatorics/docbuild/.lake/build/doc/Mathlib/Tactic/Widget/Conv.html",
     "9298d75c1fc60204"],
    ["/root/algebraic-combinatorics/docbuild/.lake/build/doc/Mathlib/Tactic/Widget/GCongr.html",
     "181a44c478ff108c"],
    ["/root/algebraic-combinatorics/docbuild/.lake/build/doc/Mathlib/Tactic/Widget/InteractiveUnfold.html",
     "7374583d0d8b694b"],
    ["/root/algebraic-combinatorics/docbuild/.lake/build/doc/Mathlib/Tactic/Widget/LibraryRewrite.html",
     "7ea991c0d2404416"],
    ["/root/algebraic-combinatorics/docbuild/.lake/build/doc/Mathlib/Tactic/Widget/SelectInsertParamsClass.html",
     "d5df22e2bc2e92ae"],
    ["/root/algebraic-combinatorics/docbuild/.lake/build/doc/Mathlib/Tactic/Widget/SelectPanelUtils.html",
     "0a21261481df781d"],
    ["/root/algebraic-combinatorics/docbuild/.lake/build/doc/Mathlib/Tactic/Widget/StringDiagram.html",
     "5edf56cd56029c30"],
    ["/root/algebraic-combinatorics/docbuild/.lake/build/doc/Mathlib/Tactic/WithoutCDot.html",
     "a90a15d34b7a4a3e"],
    ["/root/algebraic-combinatorics/docbuild/.lake/build/doc/Mathlib/Tactic/Zify.html",
     "a2604d1686826359"]]],
  ["/root/algebraic-combinatorics/docbuild/.lake/build/doc-data/references.json",
   "a50f2257f35adb49"],
  ["/root/algebraic-combinatorics/.lake/packages/doc-gen4/.lake/build/bin/doc-gen4",
   "83873b1fb230b391"],
  ["Mathlib.Tactic:leanArts", "2a2f0ac6d9841800"]],
 "depHash": "078accb8d83526f8"}