{"synthetic": false,
 "schemaVersion": "2025-09-10",
 "outputs": null,
 "log":
 [{"message":
   ".> ELAN=elan ELAN_HOME=/root/.elan ELAN_TOOLCHAIN=leanprover/lean4:v4.28.0 LAKE=/root/.elan/toolchains/leanprover--lean4---v4.28.0/bin/lake LAKE_HOME=/root/.elan/toolchains/leanprover--lean4---v4.28.0 LAKE_PKG_URL_MAP={} LAKE_NO_CACHE=false LAKE_CACHE_KEY= LAKE_CACHE_ARTIFACT_ENDPOINT= LAKE_CACHE_REVISION_ENDPOINT= LEAN=/root/.elan/toolchains/leanprover--lean4---v4.28.0/bin/lean LEAN_SYSROOT=/root/.elan/toolchains/leanprover--lean4---v4.28.0 LEAN_AR=/root/.elan/toolchains/leanprover--lean4---v4.28.0/bin/llvm-ar LEAN_CC= LAKE_CACHE_DIR=/root/.elan/toolchains/leanprover--lean4---v4.28.0/lake/cache LAKE_ARTIFACT_CACHE=false LEAN_PATH=/root/algebraic-combinatorics/.lake/packages/batteries/.lake/build/lib/lean:/root/algebraic-combinatorics/.lake/packages/Qq/.lake/build/lib/lean:/root/algebraic-combinatorics/.lake/packages/aesop/.lake/build/lib/lean:/root/algebraic-combinatorics/.lake/packages/proofwidgets/.lake/build/lib/lean:/root/algebraic-combinatorics/.lake/packages/importGraph/.lake/build/lib/lean:/root/algebraic-combinatorics/.lake/packages/LeanSearchClient/.lake/build/lib/lean:/root/algebraic-combinatorics/.lake/packages/plausible/.lake/build/lib/lean:/root/algebraic-combinatorics/.lake/packages/mathlib/.lake/build/lib/lean:/root/algebraic-combinatorics/.lake/packages/REPL/.lake/build/lib/lean:/root/algebraic-combinatorics/.lake/packages/checkdecls/.lake/build/lib/lean:/root/algebraic-combinatorics/.lake/packages/MD4Lean/.lake/build/lib/lean:/root/algebraic-combinatorics/.lake/packages/BibtexQuery/.lake/build/lib/lean:/root/algebraic-combinatorics/.lake/packages/UnicodeBasic/.lake/build/lib/lean:/root/algebraic-combinatorics/.lake/packages/Cli/.lake/build/lib/lean:/root/algebraic-combinatorics/.lake/build/lib/lean:/root/algebraic-combinatorics/.lake/packages/doc-gen4/.lake/build/lib/lean:/root/algebraic-combinatorics/docbuild/.lake/build/lib/lean:/root/.elan/toolchains/leanprover--lean4---v4.28.0/lib/lean LEAN_SRC_PATH=/root/algebraic-combinatorics/.lake/packages/batteries:/root/algebraic-combinatorics/.lake/packages/batteries:/root/algebraic-combinatorics/.lake/packages/Qq:/root/algebraic-combinatorics/.lake/packages/Qq:/root/algebraic-combinatorics/.lake/packages/aesop:/root/algebraic-combinatorics/.lake/packages/aesop:/root/algebraic-combinatorics/.lake/packages/proofwidgets:/root/algebraic-combinatorics/.lake/packages/proofwidgets:/root/algebraic-combinatorics/.lake/packages/proofwidgets:/root/algebraic-combinatorics/.lake/packages/importGraph:/root/algebraic-combinatorics/.lake/packages/importGraph:/root/algebraic-combinatorics/.lake/packages/LeanSearchClient:/root/algebraic-combinatorics/.lake/packages/LeanSearchClient:/root/algebraic-combinatorics/.lake/packages/plausible:/root/algebraic-combinatorics/.lake/packages/plausible:/root/algebraic-combinatorics/.lake/packages/mathlib:/root/algebraic-combinatorics/.lake/packages/mathlib:/root/algebraic-combinatorics/.lake/packages/mathlib:/root/algebraic-combinatorics/.lake/packages/mathlib:/root/algebraic-combinatorics/.lake/packages/mathlib:/root/algebraic-combinatorics/.lake/packages/mathlib:/root/algebraic-combinatorics/.lake/packages/REPL:/root/algebraic-combinatorics/.lake/packages/MD4Lean:/root/algebraic-combinatorics/.lake/packages/MD4Lean:/root/algebraic-combinatorics/.lake/packages/BibtexQuery:/root/algebraic-combinatorics/.lake/packages/UnicodeBasic:/root/algebraic-combinatorics/.lake/packages/UnicodeBasic:/root/algebraic-combinatorics/.lake/packages/Cli:/root/algebraic-combinatorics/.lake/packages/Cli:/root/algebraic-combinatorics:/root/algebraic-combinatorics/.lake/packages/doc-gen4:/root/.elan/toolchains/leanprover--lean4---v4.28.0/src/lean/lake LEAN_GITHASH=7e01a1bf5c70fc6167d49c345d3bf80596e9a79b PATH LD_LIBRARY_PATH=/root/.elan/toolchains/leanprover--lean4---v4.28.0/lib/lean:/root/.elan/toolchains/leanprover--lean4---v4.28.0/lib:/root/algebraic-combinatorics/docbuild/.lake/build/lib:/root/algebraic-combinatorics/.lake/packages/doc-gen4/.lake/build/lib:/root/algebraic-combinatorics/.lake/build/lib:/root/algebraic-combinatorics/.lake/packages/Cli/.lake/build/lib:/root/algebraic-combinatorics/.lake/packages/UnicodeBasic/.lake/build/lib:/root/algebraic-combinatorics/.lake/packages/BibtexQuery/.lake/build/lib:/root/algebraic-combinatorics/.lake/packages/MD4Lean/.lake/build/lib:/root/algebraic-combinatorics/.lake/packages/checkdecls/.lake/build/lib:/root/algebraic-combinatorics/.lake/packages/REPL/.lake/build/lib:/root/algebraic-combinatorics/.lake/packages/mathlib/.lake/build/lib:/root/algebraic-combinatorics/.lake/packages/plausible/.lake/build/lib:/root/algebraic-combinatorics/.lake/packages/LeanSearchClient/.lake/build/lib:/root/algebraic-combinatorics/.lake/packages/importGraph/.lake/build/lib:/root/algebraic-combinatorics/.lake/packages/proofwidgets/.lake/build/lib:/root/algebraic-combinatorics/.lake/packages/aesop/.lake/build/lib:/root/algebraic-combinatorics/.lake/packages/Qq/.lake/build/lib:/root/algebraic-combinatorics/.lake/packages/batteries/.lake/build/lib /root/algebraic-combinatorics/.lake/packages/doc-gen4/.lake/build/bin/doc-gen4 single --build /root/algebraic-combinatorics/docbuild/.lake/build Mathlib.RingTheory.AlgebraicIndependent.RankAndCardinality https://github.com/leanprover-community/mathlib4/blob/8f9d9cff6bd728b17a24e163c9402775d9e6a365/Mathlib/RingTheory/AlgebraicIndependent/RankAndCardinality.lean",
   "level": "trace"}],
 "inputs":
 [["<collection>",
   [["/root/algebraic-combinatorics/docbuild/.lake/build/doc/Mathlib/FieldTheory/IntermediateField/Adjoin/Basic.html",
     "edf715c71522da95"],
    ["/root/algebraic-combinatorics/docbuild/.lake/build/doc/Mathlib/FieldTheory/MvRatFunc/Rank.html",
     "a5139399d74df8c5"],
    ["/root/algebraic-combinatorics/docbuild/.lake/build/doc/Mathlib/RingTheory/Algebraic/Cardinality.html",
     "fbabfe00feeb583d"],
    ["/root/algebraic-combinatorics/docbuild/.lake/build/doc/Mathlib/RingTheory/AlgebraicIndependent/Adjoin.html",
     "0a43459432a7ec37"],
    ["/root/algebraic-combinatorics/docbuild/.lake/build/doc/Mathlib/RingTheory/AlgebraicIndependent/Transcendental.html",
     "057ac3238fc54c6a"],
    ["/root/algebraic-combinatorics/docbuild/.lake/build/doc/Mathlib/RingTheory/AlgebraicIndependent/TranscendenceBasis.html",
     "ed7ee3c2e27ba845"]]],
  ["/root/algebraic-combinatorics/docbuild/.lake/build/doc-data/references.json",
   "a50f2257f35adb49"],
  ["/root/algebraic-combinatorics/.lake/packages/doc-gen4/.lake/build/bin/doc-gen4",
   "83873b1fb230b391"],
  ["Mathlib.RingTheory.AlgebraicIndependent.RankAndCardinality:leanArts",
   "b17941ebba2e276a"]],
 "depHash": "f8dce091f1a5ca03"}