{"synthetic": false,
 "schemaVersion": "2025-09-10",
 "outputs": null,
 "log":
 [{"message":
   ".> ELAN=elan ELAN_HOME=/root/.elan ELAN_TOOLCHAIN=leanprover/lean4:v4.28.0 LAKE=/root/.elan/toolchains/leanprover--lean4---v4.28.0/bin/lake LAKE_HOME=/root/.elan/toolchains/leanprover--lean4---v4.28.0 LAKE_PKG_URL_MAP={} LAKE_NO_CACHE=false LAKE_CACHE_KEY= LAKE_CACHE_ARTIFACT_ENDPOINT= LAKE_CACHE_REVISION_ENDPOINT= LEAN=/root/.elan/toolchains/leanprover--lean4---v4.28.0/bin/lean LEAN_SYSROOT=/root/.elan/toolchains/leanprover--lean4---v4.28.0 LEAN_AR=/root/.elan/toolchains/leanprover--lean4---v4.28.0/bin/llvm-ar LEAN_CC= LAKE_CACHE_DIR=/root/.elan/toolchains/leanprover--lean4---v4.28.0/lake/cache LAKE_ARTIFACT_CACHE=false LEAN_PATH=/root/algebraic-combinatorics/.lake/packages/batteries/.lake/build/lib/lean:/root/algebraic-combinatorics/.lake/packages/Qq/.lake/build/lib/lean:/root/algebraic-combinatorics/.lake/packages/aesop/.lake/build/lib/lean:/root/algebraic-combinatorics/.lake/packages/proofwidgets/.lake/build/lib/lean:/root/algebraic-combinatorics/.lake/packages/importGraph/.lake/build/lib/lean:/root/algebraic-combinatorics/.lake/packages/LeanSearchClient/.lake/build/lib/lean:/root/algebraic-combinatorics/.lake/packages/plausible/.lake/build/lib/lean:/root/algebraic-combinatorics/.lake/packages/mathlib/.lake/build/lib/lean:/root/algebraic-combinatorics/.lake/packages/REPL/.lake/build/lib/lean:/root/algebraic-combinatorics/.lake/packages/checkdecls/.lake/build/lib/lean:/root/algebraic-combinatorics/.lake/packages/MD4Lean/.lake/build/lib/lean:/root/algebraic-combinatorics/.lake/packages/BibtexQuery/.lake/build/lib/lean:/root/algebraic-combinatorics/.lake/packages/UnicodeBasic/.lake/build/lib/lean:/root/algebraic-combinatorics/.lake/packages/Cli/.lake/build/lib/lean:/root/algebraic-combinatorics/.lake/build/lib/lean:/root/algebraic-combinatorics/.lake/packages/doc-gen4/.lake/build/lib/lean:/root/algebraic-combinatorics/docbuild/.lake/build/lib/lean:/root/.elan/toolchains/leanprover--lean4---v4.28.0/lib/lean LEAN_SRC_PATH=/root/algebraic-combinatorics/.lake/packages/batteries:/root/algebraic-combinatorics/.lake/packages/batteries:/root/algebraic-combinatorics/.lake/packages/Qq:/root/algebraic-combinatorics/.lake/packages/Qq:/root/algebraic-combinatorics/.lake/packages/aesop:/root/algebraic-combinatorics/.lake/packages/aesop:/root/algebraic-combinatorics/.lake/packages/proofwidgets:/root/algebraic-combinatorics/.lake/packages/proofwidgets:/root/algebraic-combinatorics/.lake/packages/proofwidgets:/root/algebraic-combinatorics/.lake/packages/importGraph:/root/algebraic-combinatorics/.lake/packages/importGraph:/root/algebraic-combinatorics/.lake/packages/LeanSearchClient:/root/algebraic-combinatorics/.lake/packages/LeanSearchClient:/root/algebraic-combinatorics/.lake/packages/plausible:/root/algebraic-combinatorics/.lake/packages/plausible:/root/algebraic-combinatorics/.lake/packages/mathlib:/root/algebraic-combinatorics/.lake/packages/mathlib:/root/algebraic-combinatorics/.lake/packages/mathlib:/root/algebraic-combinatorics/.lake/packages/mathlib:/root/algebraic-combinatorics/.lake/packages/mathlib:/root/algebraic-combinatorics/.lake/packages/mathlib:/root/algebraic-combinatorics/.lake/packages/REPL:/root/algebraic-combinatorics/.lake/packages/MD4Lean:/root/algebraic-combinatorics/.lake/packages/MD4Lean:/root/algebraic-combinatorics/.lake/packages/BibtexQuery:/root/algebraic-combinatorics/.lake/packages/UnicodeBasic:/root/algebraic-combinatorics/.lake/packages/UnicodeBasic:/root/algebraic-combinatorics/.lake/packages/Cli:/root/algebraic-combinatorics/.lake/packages/Cli:/root/algebraic-combinatorics:/root/algebraic-combinatorics/.lake/packages/doc-gen4:/root/.elan/toolchains/leanprover--lean4---v4.28.0/src/lean/lake LEAN_GITHASH=7e01a1bf5c70fc6167d49c345d3bf80596e9a79b PATH LD_LIBRARY_PATH=/root/.elan/toolchains/leanprover--lean4---v4.28.0/lib/lean:/root/.elan/toolchains/leanprover--lean4---v4.28.0/lib:/root/algebraic-combinatorics/docbuild/.lake/build/lib:/root/algebraic-combinatorics/.lake/packages/doc-gen4/.lake/build/lib:/root/algebraic-combinatorics/.lake/build/lib:/root/algebraic-combinatorics/.lake/packages/Cli/.lake/build/lib:/root/algebraic-combinatorics/.lake/packages/UnicodeBasic/.lake/build/lib:/root/algebraic-combinatorics/.lake/packages/BibtexQuery/.lake/build/lib:/root/algebraic-combinatorics/.lake/packages/MD4Lean/.lake/build/lib:/root/algebraic-combinatorics/.lake/packages/checkdecls/.lake/build/lib:/root/algebraic-combinatorics/.lake/packages/REPL/.lake/build/lib:/root/algebraic-combinatorics/.lake/packages/mathlib/.lake/build/lib:/root/algebraic-combinatorics/.lake/packages/plausible/.lake/build/lib:/root/algebraic-combinatorics/.lake/packages/LeanSearchClient/.lake/build/lib:/root/algebraic-combinatorics/.lake/packages/importGraph/.lake/build/lib:/root/algebraic-combinatorics/.lake/packages/proofwidgets/.lake/build/lib:/root/algebraic-combinatorics/.lake/packages/aesop/.lake/build/lib:/root/algebraic-combinatorics/.lake/packages/Qq/.lake/build/lib:/root/algebraic-combinatorics/.lake/packages/batteries/.lake/build/lib /root/algebraic-combinatorics/.lake/packages/doc-gen4/.lake/build/bin/doc-gen4 single --build /root/algebraic-combinatorics/docbuild/.lake/build AlgebraicCombinatorics https://github.com/faabian/algebraic-combinatorics/blob/b6022318e986a0c20764569208ba8ebbe1c04dbf/AlgebraicCombinatorics.lean",
   "level": "trace"}],
 "inputs":
 [["<collection>",
   [["/root/algebraic-combinatorics/docbuild/.lake/build/doc/AlgebraicCombinatorics/FPSDefinition.html",
     "ce45d6b694fe9a1b"],
    ["/root/algebraic-combinatorics/docbuild/.lake/build/doc/AlgebraicCombinatorics/FPS/CommutativeRings.html",
     "ee084cca82aaf3c6"],
    ["/root/algebraic-combinatorics/docbuild/.lake/build/doc/AlgebraicCombinatorics/FPS/NotationsExamples.html",
     "1a417541c804c10b"],
    ["/root/algebraic-combinatorics/docbuild/.lake/build/doc/AlgebraicCombinatorics/FPS/Polynomials.html",
     "6b08f6fd099fdb61"],
    ["/root/algebraic-combinatorics/docbuild/.lake/build/doc/AlgebraicCombinatorics/DividingFPS.html",
     "a9401d605a6a75c1"],
    ["/root/algebraic-combinatorics/docbuild/.lake/build/doc/AlgebraicCombinatorics/FPS/Substitution.html",
     "fe1cf5140aef7dba"],
    ["/root/algebraic-combinatorics/docbuild/.lake/build/doc/AlgebraicCombinatorics/FPS/Derivatives.html",
     "1cee0f5fb7a92000"],
    ["/root/algebraic-combinatorics/docbuild/.lake/build/doc/AlgebraicCombinatorics/FPS/XnEquivalence.html",
     "ee49893d16df527d"],
    ["/root/algebraic-combinatorics/docbuild/.lake/build/doc/AlgebraicCombinatorics/FPS/ExpLog.html",
     "e06ef0b4f389feaa"],
    ["/root/algebraic-combinatorics/docbuild/.lake/build/doc/AlgebraicCombinatorics/FPS/NonIntegerPowers.html",
     "04c8d2c8eae9b525"],
    ["/root/algebraic-combinatorics/docbuild/.lake/build/doc/AlgebraicCombinatorics/FPS/Limits.html",
     "596f3c9f0083c032"],
    ["/root/algebraic-combinatorics/docbuild/.lake/build/doc/AlgebraicCombinatorics/FPS/InfiniteProducts.html",
     "0db6239a4526aeea"],
    ["/root/algebraic-combinatorics/docbuild/.lake/build/doc/AlgebraicCombinatorics/FPS/InfiniteProducts1.html",
     "f8fe2564d74dc380"],
    ["/root/algebraic-combinatorics/docbuild/.lake/build/doc/AlgebraicCombinatorics/FPS/InfiniteProducts2.html",
     "043e15ce5d79fa26"],
    ["/root/algebraic-combinatorics/docbuild/.lake/build/doc/AlgebraicCombinatorics/FPS/Multivariate.html",
     "0b4fdcb276ba80d6"],
    ["/root/algebraic-combinatorics/docbuild/.lake/build/doc/AlgebraicCombinatorics/FPS/LaurentSeries.html",
     "ab1ccb8bd8e4974f"],
    ["/root/algebraic-combinatorics/docbuild/.lake/build/doc/AlgebraicCombinatorics/LaurentSeries.html",
     "7c4ff2881276589c"],
    ["/root/algebraic-combinatorics/docbuild/.lake/build/doc/AlgebraicCombinatorics/FPS/IntegerCompositions.html",
     "a016801fc09eabcb"],
    ["/root/algebraic-combinatorics/docbuild/.lake/build/doc/AlgebraicCombinatorics/FPS/WeightedSets.html",
     "6cb30c6296c7916c"],
    ["/root/algebraic-combinatorics/docbuild/.lake/build/doc/AlgebraicCombinatorics/Partitions/Basics.html",
     "a7a388b485903269"],
    ["/root/algebraic-combinatorics/docbuild/.lake/build/doc/AlgebraicCombinatorics/Partitions/QBinomialFormulas.html",
     "879857c114b764d1"],
    ["/root/algebraic-combinatorics/docbuild/.lake/build/doc/AlgebraicCombinatorics/QBinomialBasic.html",
     "4f18294b6749cf8a"],
    ["/root/algebraic-combinatorics/docbuild/.lake/build/doc/AlgebraicCombinatorics/PentagonalJacobi.html",
     "c95caff0276f8338"],
    ["/root/algebraic-combinatorics/docbuild/.lake/build/doc/AlgebraicCombinatorics/Permutations/Basics.html",
     "b8a0a6af9bb30afc"],
    ["/root/algebraic-combinatorics/docbuild/.lake/build/doc/AlgebraicCombinatorics/Permutations/Inversions1.html",
     "ad1f787f71962180"],
    ["/root/algebraic-combinatorics/docbuild/.lake/build/doc/AlgebraicCombinatorics/Permutations/Inversions2.html",
     "58df0ca20c7d694f"],
    ["/root/algebraic-combinatorics/docbuild/.lake/build/doc/AlgebraicCombinatorics/Permutations/Signs.html",
     "a75e217bed1c40b3"],
    ["/root/algebraic-combinatorics/docbuild/.lake/build/doc/AlgebraicCombinatorics/Permutations/CycleDecomposition.html",
     "629f4852aa932939"],
    ["/root/algebraic-combinatorics/docbuild/.lake/build/doc/AlgebraicCombinatorics/SignedCounting/AlternatingSums.html",
     "95f5a9c6e0540d81"],
    ["/root/algebraic-combinatorics/docbuild/.lake/build/doc/AlgebraicCombinatorics/SignedCounting/InclusionExclusion1.html",
     "c4029238e51f626b"],
    ["/root/algebraic-combinatorics/docbuild/.lake/build/doc/AlgebraicCombinatorics/SignedCounting/BooleanMobiusInversion.html",
     "00905cefd4199c7f"],
    ["/root/algebraic-combinatorics/docbuild/.lake/build/doc/AlgebraicCombinatorics/SignedCounting/SubtractiveMethods.html",
     "d50f2f31ee39995d"],
    ["/root/algebraic-combinatorics/docbuild/.lake/build/doc/AlgebraicCombinatorics/SymmetricFunctions/Definitions.html",
     "baf71a0806c00ca4"],
    ["/root/algebraic-combinatorics/docbuild/.lake/build/doc/AlgebraicCombinatorics/SymmetricFunctions/MonomialSymmetric.html",
     "082b9aaa11eb4898"],
    ["/root/algebraic-combinatorics/docbuild/.lake/build/doc/AlgebraicCombinatorics/SymmetricFunctions/OmegaInvolution.html",
     "eb518bba5c54f97f"],
    ["/root/algebraic-combinatorics/docbuild/.lake/build/doc/AlgebraicCombinatorics/SymmetricFunctions/SchurBasics.html",
     "24ce27607dee7b0e"],
    ["/root/algebraic-combinatorics/docbuild/.lake/build/doc/AlgebraicCombinatorics/SymmetricFunctions/LittlewoodRichardson.html",
     "35c6a932221b7216"],
    ["/root/algebraic-combinatorics/docbuild/.lake/build/doc/AlgebraicCombinatorics/SymmetricFunctions/PieriJacobiTrudi.html",
     "34d9346a6689be79"],
    ["/root/algebraic-combinatorics/docbuild/.lake/build/doc/AlgebraicCombinatorics/SymmetricFunctions/NPartition.html",
     "0ee86e7144f2c231"],
    ["/root/algebraic-combinatorics/docbuild/.lake/build/doc/AlgebraicCombinatorics/SymmetricFunctions/SSYTEquiv.html",
     "91b43d4b9091f466"],
    ["/root/algebraic-combinatorics/docbuild/.lake/build/doc/AlgebraicCombinatorics/DeterminantsBasic.html",
     "d8cfc8e97e6abc3b"],
    ["/root/algebraic-combinatorics/docbuild/.lake/build/doc/AlgebraicCombinatorics/Determinants/PermFinset.html",
     "831042359c37156d"],
    ["/root/algebraic-combinatorics/docbuild/.lake/build/doc/AlgebraicCombinatorics/CauchyBinet.html",
     "5eafe9c2f7ddfe68"],
    ["/root/algebraic-combinatorics/docbuild/.lake/build/doc/AlgebraicCombinatorics/DesnanotJacobi.html",
     "7007850eab0b6e5e"],
    ["/root/algebraic-combinatorics/docbuild/.lake/build/doc/AlgebraicCombinatorics/Determinants/LGV1.html",
     "3c05a71a6394b1c7"],
    ["/root/algebraic-combinatorics/docbuild/.lake/build/doc/AlgebraicCombinatorics/Determinants/LGV2.html",
     "0b630fe330909cb3"],
    ["/root/algebraic-combinatorics/docbuild/.lake/build/doc/AlgebraicCombinatorics/Fin/SkipTwo.html",
     "89b0473428907624"],
    ["/root/algebraic-combinatorics/docbuild/.lake/build/doc/AlgebraicCombinatorics/Details/Limits.html",
     "ea0c7cffc8ee0eeb"],
    ["/root/algebraic-combinatorics/docbuild/.lake/build/doc/AlgebraicCombinatorics/Details/DominoTilings.html",
     "d8387bfeb7678758"],
    ["/root/algebraic-combinatorics/docbuild/.lake/build/doc/AlgebraicCombinatorics/Details/DominoBridge.html",
     "1c3b7a14e0f8ff0a"],
    ["/root/algebraic-combinatorics/docbuild/.lake/build/doc/AlgebraicCombinatorics/Details/InfiniteProducts2.html",
     "97793df447f39fcf"],
    ["/root/algebraic-combinatorics/docbuild/.lake/build/doc/AlgebraicCombinatorics/Extra/Pfaffian.html",
     "976e7f63d115e0c8"]]],
  ["/root/algebraic-combinatorics/docbuild/.lake/build/doc-data/references.json",
   "a50f2257f35adb49"],
  ["/root/algebraic-combinatorics/.lake/packages/doc-gen4/.lake/build/bin/doc-gen4",
   "83873b1fb230b391"],
  ["AlgebraicCombinatorics:leanArts", "96fdfe4d2afff89d"]],
 "depHash": "bc8e0864995da1fe"}