{"synthetic": false,
 "schemaVersion": "2025-09-10",
 "outputs": null,
 "log":
 [{"message":
   ".> ELAN=elan ELAN_HOME=/root/.elan ELAN_TOOLCHAIN=leanprover/lean4:v4.28.0 LAKE=/root/.elan/toolchains/leanprover--lean4---v4.28.0/bin/lake LAKE_HOME=/root/.elan/toolchains/leanprover--lean4---v4.28.0 LAKE_PKG_URL_MAP={} LAKE_NO_CACHE=false LAKE_CACHE_KEY= LAKE_CACHE_ARTIFACT_ENDPOINT= LAKE_CACHE_REVISION_ENDPOINT= LEAN=/root/.elan/toolchains/leanprover--lean4---v4.28.0/bin/lean LEAN_SYSROOT=/root/.elan/toolchains/leanprover--lean4---v4.28.0 LEAN_AR=/root/.elan/toolchains/leanprover--lean4---v4.28.0/bin/llvm-ar LEAN_CC= LAKE_CACHE_DIR=/root/.elan/toolchains/leanprover--lean4---v4.28.0/lake/cache LAKE_ARTIFACT_CACHE=false LEAN_PATH=/root/algebraic-combinatorics/.lake/packages/batteries/.lake/build/lib/lean:/root/algebraic-combinatorics/.lake/packages/Qq/.lake/build/lib/lean:/root/algebraic-combinatorics/.lake/packages/aesop/.lake/build/lib/lean:/root/algebraic-combinatorics/.lake/packages/proofwidgets/.lake/build/lib/lean:/root/algebraic-combinatorics/.lake/packages/importGraph/.lake/build/lib/lean:/root/algebraic-combinatorics/.lake/packages/LeanSearchClient/.lake/build/lib/lean:/root/algebraic-combinatorics/.lake/packages/plausible/.lake/build/lib/lean:/root/algebraic-combinatorics/.lake/packages/mathlib/.lake/build/lib/lean:/root/algebraic-combinatorics/.lake/packages/REPL/.lake/build/lib/lean:/root/algebraic-combinatorics/.lake/packages/checkdecls/.lake/build/lib/lean:/root/algebraic-combinatorics/.lake/packages/MD4Lean/.lake/build/lib/lean:/root/algebraic-combinatorics/.lake/packages/BibtexQuery/.lake/build/lib/lean:/root/algebraic-combinatorics/.lake/packages/UnicodeBasic/.lake/build/lib/lean:/root/algebraic-combinatorics/.lake/packages/Cli/.lake/build/lib/lean:/root/algebraic-combinatorics/.lake/build/lib/lean:/root/algebraic-combinatorics/.lake/packages/doc-gen4/.lake/build/lib/lean:/root/algebraic-combinatorics/docbuild/.lake/build/lib/lean:/root/.elan/toolchains/leanprover--lean4---v4.28.0/lib/lean LEAN_SRC_PATH=/root/algebraic-combinatorics/.lake/packages/batteries:/root/algebraic-combinatorics/.lake/packages/batteries:/root/algebraic-combinatorics/.lake/packages/Qq:/root/algebraic-combinatorics/.lake/packages/Qq:/root/algebraic-combinatorics/.lake/packages/aesop:/root/algebraic-combinatorics/.lake/packages/aesop:/root/algebraic-combinatorics/.lake/packages/proofwidgets:/root/algebraic-combinatorics/.lake/packages/proofwidgets:/root/algebraic-combinatorics/.lake/packages/proofwidgets:/root/algebraic-combinatorics/.lake/packages/importGraph:/root/algebraic-combinatorics/.lake/packages/importGraph:/root/algebraic-combinatorics/.lake/packages/LeanSearchClient:/root/algebraic-combinatorics/.lake/packages/LeanSearchClient:/root/algebraic-combinatorics/.lake/packages/plausible:/root/algebraic-combinatorics/.lake/packages/plausible:/root/algebraic-combinatorics/.lake/packages/mathlib:/root/algebraic-combinatorics/.lake/packages/mathlib:/root/algebraic-combinatorics/.lake/packages/mathlib:/root/algebraic-combinatorics/.lake/packages/mathlib:/root/algebraic-combinatorics/.lake/packages/mathlib:/root/algebraic-combinatorics/.lake/packages/mathlib:/root/algebraic-combinatorics/.lake/packages/REPL:/root/algebraic-combinatorics/.lake/packages/MD4Lean:/root/algebraic-combinatorics/.lake/packages/MD4Lean:/root/algebraic-combinatorics/.lake/packages/BibtexQuery:/root/algebraic-combinatorics/.lake/packages/UnicodeBasic:/root/algebraic-combinatorics/.lake/packages/UnicodeBasic:/root/algebraic-combinatorics/.lake/packages/Cli:/root/algebraic-combinatorics/.lake/packages/Cli:/root/algebraic-combinatorics:/root/algebraic-combinatorics/.lake/packages/doc-gen4:/root/.elan/toolchains/leanprover--lean4---v4.28.0/src/lean/lake LEAN_GITHASH=7e01a1bf5c70fc6167d49c345d3bf80596e9a79b PATH LD_LIBRARY_PATH=/root/.elan/toolchains/leanprover--lean4---v4.28.0/lib/lean:/root/.elan/toolchains/leanprover--lean4---v4.28.0/lib:/root/algebraic-combinatorics/docbuild/.lake/build/lib:/root/algebraic-combinatorics/.lake/packages/doc-gen4/.lake/build/lib:/root/algebraic-combinatorics/.lake/build/lib:/root/algebraic-combinatorics/.lake/packages/Cli/.lake/build/lib:/root/algebraic-combinatorics/.lake/packages/UnicodeBasic/.lake/build/lib:/root/algebraic-combinatorics/.lake/packages/BibtexQuery/.lake/build/lib:/root/algebraic-combinatorics/.lake/packages/MD4Lean/.lake/build/lib:/root/algebraic-combinatorics/.lake/packages/checkdecls/.lake/build/lib:/root/algebraic-combinatorics/.lake/packages/REPL/.lake/build/lib:/root/algebraic-combinatorics/.lake/packages/mathlib/.lake/build/lib:/root/algebraic-combinatorics/.lake/packages/plausible/.lake/build/lib:/root/algebraic-combinatorics/.lake/packages/LeanSearchClient/.lake/build/lib:/root/algebraic-combinatorics/.lake/packages/importGraph/.lake/build/lib:/root/algebraic-combinatorics/.lake/packages/proofwidgets/.lake/build/lib:/root/algebraic-combinatorics/.lake/packages/aesop/.lake/build/lib:/root/algebraic-combinatorics/.lake/packages/Qq/.lake/build/lib:/root/algebraic-combinatorics/.lake/packages/batteries/.lake/build/lib /root/algebraic-combinatorics/.lake/packages/doc-gen4/.lake/build/bin/doc-gen4 single --build /root/algebraic-combinatorics/docbuild/.lake/build Batteries https://github.com/leanprover-community/batteries/blob/495c008c3e3f4fb4256ff5582ddb3abf3198026f/Batteries.lean",
   "level": "trace"}],
 "inputs":
 [["<collection>",
   [["/root/algebraic-combinatorics/docbuild/.lake/build/doc/Batteries/Classes/Cast.html",
     "ce7d6f769958f2e0"],
    ["/root/algebraic-combinatorics/docbuild/.lake/build/doc/Batteries/Classes/Deprecated.html",
     "5c42732f7af03c47"],
    ["/root/algebraic-combinatorics/docbuild/.lake/build/doc/Batteries/Classes/Order.html",
     "8b3f4ce234faf029"],
    ["/root/algebraic-combinatorics/docbuild/.lake/build/doc/Batteries/Classes/RatCast.html",
     "4459f1d68a20a3ca"],
    ["/root/algebraic-combinatorics/docbuild/.lake/build/doc/Batteries/Classes/SatisfiesM.html",
     "b67a5f54974561b9"],
    ["/root/algebraic-combinatorics/docbuild/.lake/build/doc/Batteries/CodeAction.html",
     "67c506ad857ac91e"],
    ["/root/algebraic-combinatorics/docbuild/.lake/build/doc/Batteries/CodeAction/Attr.html",
     "eb6e43947ebf3444"],
    ["/root/algebraic-combinatorics/docbuild/.lake/build/doc/Batteries/CodeAction/Basic.html",
     "ccb4c3c6c0ea58e4"],
    ["/root/algebraic-combinatorics/docbuild/.lake/build/doc/Batteries/CodeAction/Deprecated.html",
     "ed1c2180d308556b"],
    ["/root/algebraic-combinatorics/docbuild/.lake/build/doc/Batteries/CodeAction/Match.html",
     "a7fa4c8a7cf47d86"],
    ["/root/algebraic-combinatorics/docbuild/.lake/build/doc/Batteries/CodeAction/Misc.html",
     "46eeb72df84ba07d"],
    ["/root/algebraic-combinatorics/docbuild/.lake/build/doc/Batteries/Control/AlternativeMonad.html",
     "5d05c306fa4017c5"],
    ["/root/algebraic-combinatorics/docbuild/.lake/build/doc/Batteries/Control/ForInStep.html",
     "edf9bf819cac66a4"],
    ["/root/algebraic-combinatorics/docbuild/.lake/build/doc/Batteries/Control/ForInStep/Basic.html",
     "145fcf193b642df4"],
    ["/root/algebraic-combinatorics/docbuild/.lake/build/doc/Batteries/Control/ForInStep/Lemmas.html",
     "4561b3a5d0538e5b"],
    ["/root/algebraic-combinatorics/docbuild/.lake/build/doc/Batteries/Control/LawfulMonadState.html",
     "ca95f589684ef187"],
    ["/root/algebraic-combinatorics/docbuild/.lake/build/doc/Batteries/Control/Lemmas.html",
     "460f99567854d4bc"],
    ["/root/algebraic-combinatorics/docbuild/.lake/build/doc/Batteries/Control/Monad.html",
     "5e403d902c6c9c1d"],
    ["/root/algebraic-combinatorics/docbuild/.lake/build/doc/Batteries/Control/Nondet/Basic.html",
     "431d0e222aa4ba36"],
    ["/root/algebraic-combinatorics/docbuild/.lake/build/doc/Batteries/Control/OptionT.html",
     "9f930a08300a849f"],
    ["/root/algebraic-combinatorics/docbuild/.lake/build/doc/Batteries/Data/Array.html",
     "217b4ca4c95e04c4"],
    ["/root/algebraic-combinatorics/docbuild/.lake/build/doc/Batteries/Data/AssocList.html",
     "6c75c918038f1624"],
    ["/root/algebraic-combinatorics/docbuild/.lake/build/doc/Batteries/Data/Bool.html",
     "54cb1fc3d8075072"],
    ["/root/algebraic-combinatorics/docbuild/.lake/build/doc/Batteries/Data/BinaryHeap.html",
     "e5d8381443b6bee2"],
    ["/root/algebraic-combinatorics/docbuild/.lake/build/doc/Batteries/Data/BinomialHeap.html",
     "041ab30a5eee83ee"],
    ["/root/algebraic-combinatorics/docbuild/.lake/build/doc/Batteries/Data/BitVec.html",
     "d45326f4ceb588cb"],
    ["/root/algebraic-combinatorics/docbuild/.lake/build/doc/Batteries/Data/ByteArray.html",
     "33987ef8a6ed7826"],
    ["/root/algebraic-combinatorics/docbuild/.lake/build/doc/Batteries/Data/ByteSlice.html",
     "89010d4624089332"],
    ["/root/algebraic-combinatorics/docbuild/.lake/build/doc/Batteries/Data/Char.html",
     "bc35481c5d6bbf40"],
    ["/root/algebraic-combinatorics/docbuild/.lake/build/doc/Batteries/Data/DList.html",
     "0462857500edf0f6"],
    ["/root/algebraic-combinatorics/docbuild/.lake/build/doc/Batteries/Data/Fin.html",
     "2988788a393f2c54"],
    ["/root/algebraic-combinatorics/docbuild/.lake/build/doc/Batteries/Data/FloatArray.html",
     "c31e3f32a5ef7c71"],
    ["/root/algebraic-combinatorics/docbuild/.lake/build/doc/Batteries/Data/HashMap.html",
     "35a8cf233ea48e77"],
    ["/root/algebraic-combinatorics/docbuild/.lake/build/doc/Batteries/Data/Int.html",
     "96f0141b3a2ab505"],
    ["/root/algebraic-combinatorics/docbuild/.lake/build/doc/Batteries/Data/List.html",
     "402f12b86c3b964b"],
    ["/root/algebraic-combinatorics/docbuild/.lake/build/doc/Batteries/Data/MLList.html",
     "b30e945bd32dea4f"],
    ["/root/algebraic-combinatorics/docbuild/.lake/build/doc/Batteries/Data/NameSet.html",
     "8b40adf12d96a984"],
    ["/root/algebraic-combinatorics/docbuild/.lake/build/doc/Batteries/Data/Nat.html",
     "7aa117b965a89d1c"],
    ["/root/algebraic-combinatorics/docbuild/.lake/build/doc/Batteries/Data/PairingHeap.html",
     "ace1c78dd30c16bd"],
    ["/root/algebraic-combinatorics/docbuild/.lake/build/doc/Batteries/Data/RBMap.html",
     "a215d1b99d1bafc4"],
    ["/root/algebraic-combinatorics/docbuild/.lake/build/doc/Batteries/Data/Random.html",
     "4650409f70907b3e"],
    ["/root/algebraic-combinatorics/docbuild/.lake/build/doc/Batteries/Data/Range.html",
     "5728e476a4ea89ae"],
    ["/root/algebraic-combinatorics/docbuild/.lake/build/doc/Batteries/Data/Rat.html",
     "8a82e772acd2037f"],
    ["/root/algebraic-combinatorics/docbuild/.lake/build/doc/Batteries/Data/RunningStats.html",
     "841ddea9b586accb"],
    ["/root/algebraic-combinatorics/docbuild/.lake/build/doc/Batteries/Data/Stream.html",
     "6f01025eb09230da"],
    ["/root/algebraic-combinatorics/docbuild/.lake/build/doc/Batteries/Data/String.html",
     "b32ef5c41e1ffe92"],
    ["/root/algebraic-combinatorics/docbuild/.lake/build/doc/Batteries/Data/UInt.html",
     "cb45c6ecbb48c012"],
    ["/root/algebraic-combinatorics/docbuild/.lake/build/doc/Batteries/Data/UnionFind.html",
     "e27edf3068020c84"],
    ["/root/algebraic-combinatorics/docbuild/.lake/build/doc/Batteries/Data/Vector.html",
     "85b24268b9c610f7"],
    ["/root/algebraic-combinatorics/docbuild/.lake/build/doc/Batteries/Lean/AttributeExtra.html",
     "6b2681190501d5a6"],
    ["/root/algebraic-combinatorics/docbuild/.lake/build/doc/Batteries/Lean/EStateM.html",
     "972e3014f53296f5"],
    ["/root/algebraic-combinatorics/docbuild/.lake/build/doc/Batteries/Lean/Except.html",
     "00a88b69cfccd01d"],
    ["/root/algebraic-combinatorics/docbuild/.lake/build/doc/Batteries/Lean/Expr.html",
     "65bbda46bb0749d6"],
    ["/root/algebraic-combinatorics/docbuild/.lake/build/doc/Batteries/Lean/Float.html",
     "f6b0003224386f05"],
    ["/root/algebraic-combinatorics/docbuild/.lake/build/doc/Batteries/Lean/HashMap.html",
     "1308bc052d142da5"],
    ["/root/algebraic-combinatorics/docbuild/.lake/build/doc/Batteries/Lean/HashSet.html",
     "0a6a94def856f637"],
    ["/root/algebraic-combinatorics/docbuild/.lake/build/doc/Batteries/Lean/IO/Process.html",
     "a367755937067a81"],
    ["/root/algebraic-combinatorics/docbuild/.lake/build/doc/Batteries/Lean/Json.html",
     "08833902caf896d2"],
    ["/root/algebraic-combinatorics/docbuild/.lake/build/doc/Batteries/Lean/LawfulMonad.html",
     "d098acd3015f5460"],
    ["/root/algebraic-combinatorics/docbuild/.lake/build/doc/Batteries/Lean/LawfulMonadLift.html",
     "57cd112aa30663f3"],
    ["/root/algebraic-combinatorics/docbuild/.lake/build/doc/Batteries/Lean/Meta/Basic.html",
     "42190f1c6d4bdde5"],
    ["/root/algebraic-combinatorics/docbuild/.lake/build/doc/Batteries/Lean/Meta/DiscrTree.html",
     "7cbb8214cbc73938"],
    ["/root/algebraic-combinatorics/docbuild/.lake/build/doc/Batteries/Lean/Meta/Expr.html",
     "9869991a436de7b5"],
    ["/root/algebraic-combinatorics/docbuild/.lake/build/doc/Batteries/Lean/Meta/Inaccessible.html",
     "3af0a0685281ef02"],
    ["/root/algebraic-combinatorics/docbuild/.lake/build/doc/Batteries/Lean/Meta/InstantiateMVars.html",
     "885bb846095689a8"],
    ["/root/algebraic-combinatorics/docbuild/.lake/build/doc/Batteries/Lean/Meta/SavedState.html",
     "dfce11590ddfb5b6"],
    ["/root/algebraic-combinatorics/docbuild/.lake/build/doc/Batteries/Lean/Meta/Simp.html",
     "f67434a1f88779a5"],
    ["/root/algebraic-combinatorics/docbuild/.lake/build/doc/Batteries/Lean/Meta/UnusedNames.html",
     "88b0346e34396ccb"],
    ["/root/algebraic-combinatorics/docbuild/.lake/build/doc/Batteries/Lean/MonadBacktrack.html",
     "a4dcfffdae151cc5"],
    ["/root/algebraic-combinatorics/docbuild/.lake/build/doc/Batteries/Lean/NameMapAttribute.html",
     "8a0ea8d7cf46cd07"],
    ["/root/algebraic-combinatorics/docbuild/.lake/build/doc/Batteries/Lean/PersistentHashMap.html",
     "3ecdb65555f2b60f"],
    ["/root/algebraic-combinatorics/docbuild/.lake/build/doc/Batteries/Lean/PersistentHashSet.html",
     "6b23796b3587ae96"],
    ["/root/algebraic-combinatorics/docbuild/.lake/build/doc/Batteries/Lean/Position.html",
     "099830b0dd68038a"],
    ["/root/algebraic-combinatorics/docbuild/.lake/build/doc/Batteries/Lean/SatisfiesM.html",
     "d98816e2362cc4a2"],
    ["/root/algebraic-combinatorics/docbuild/.lake/build/doc/Batteries/Lean/Syntax.html",
     "9d7fba764f5fb5be"],
    ["/root/algebraic-combinatorics/docbuild/.lake/build/doc/Batteries/Lean/System/IO.html",
     "869b1f972604be11"],
    ["/root/algebraic-combinatorics/docbuild/.lake/build/doc/Batteries/Lean/TagAttribute.html",
     "a40794aaa03247aa"],
    ["/root/algebraic-combinatorics/docbuild/.lake/build/doc/Batteries/Lean/Util/EnvSearch.html",
     "42c6d5e91ad93f0a"],
    ["/root/algebraic-combinatorics/docbuild/.lake/build/doc/Batteries/Linter.html",
     "77d46b59c1b1098b"],
    ["/root/algebraic-combinatorics/docbuild/.lake/build/doc/Batteries/Linter/UnnecessarySeqFocus.html",
     "dd40145c59206238"],
    ["/root/algebraic-combinatorics/docbuild/.lake/build/doc/Batteries/Linter/UnreachableTactic.html",
     "26832a18e8918ea5"],
    ["/root/algebraic-combinatorics/docbuild/.lake/build/doc/Batteries/Logic.html",
     "4ef0e38ea467fbe4"],
    ["/root/algebraic-combinatorics/docbuild/.lake/build/doc/Batteries/Tactic/Alias.html",
     "c18760a5739b00e7"],
    ["/root/algebraic-combinatorics/docbuild/.lake/build/doc/Batteries/Tactic/Basic.html",
     "ccec6498494257b1"],
    ["/root/algebraic-combinatorics/docbuild/.lake/build/doc/Batteries/Tactic/Case.html",
     "d51b07f02c0a2d75"],
    ["/root/algebraic-combinatorics/docbuild/.lake/build/doc/Batteries/Tactic/Congr.html",
     "086a829529dadee5"],
    ["/root/algebraic-combinatorics/docbuild/.lake/build/doc/Batteries/Tactic/Exact.html",
     "7fd5e7fbd279bc06"],
    ["/root/algebraic-combinatorics/docbuild/.lake/build/doc/Batteries/Tactic/GeneralizeProofs.html",
     "fbc6c10cb9751f24"],
    ["/root/algebraic-combinatorics/docbuild/.lake/build/doc/Batteries/Tactic/HelpCmd.html",
     "91c5bc39a0df6bc4"],
    ["/root/algebraic-combinatorics/docbuild/.lake/build/doc/Batteries/Tactic/Init.html",
     "a3a5aa08f70a15e6"],
    ["/root/algebraic-combinatorics/docbuild/.lake/build/doc/Batteries/Tactic/Instances.html",
     "21e0fbd1a442ba3a"],
    ["/root/algebraic-combinatorics/docbuild/.lake/build/doc/Batteries/Tactic/Lemma.html",
     "d825bbb40bb107b4"],
    ["/root/algebraic-combinatorics/docbuild/.lake/build/doc/Batteries/Tactic/Lint.html",
     "490084885afdd7ed"],
    ["/root/algebraic-combinatorics/docbuild/.lake/build/doc/Batteries/Tactic/Lint/Basic.html",
     "49fdf4206cbbd62d"],
    ["/root/algebraic-combinatorics/docbuild/.lake/build/doc/Batteries/Tactic/Lint/Frontend.html",
     "e047403c47b3f1e9"],
    ["/root/algebraic-combinatorics/docbuild/.lake/build/doc/Batteries/Tactic/Lint/Misc.html",
     "0b54afd0d321583c"],
    ["/root/algebraic-combinatorics/docbuild/.lake/build/doc/Batteries/Tactic/Lint/Simp.html",
     "0e09c064c799595b"],
    ["/root/algebraic-combinatorics/docbuild/.lake/build/doc/Batteries/Tactic/Lint/TypeClass.html",
     "114f208246af86ad"],
    ["/root/algebraic-combinatorics/docbuild/.lake/build/doc/Batteries/Tactic/NoMatch.html",
     "be8fa052f176e083"],
    ["/root/algebraic-combinatorics/docbuild/.lake/build/doc/Batteries/Tactic/OpenPrivate.html",
     "2b799c91b279c499"],
    ["/root/algebraic-combinatorics/docbuild/.lake/build/doc/Batteries/Tactic/PermuteGoals.html",
     "78593ca70d308e2d"],
    ["/root/algebraic-combinatorics/docbuild/.lake/build/doc/Batteries/Tactic/PrintDependents.html",
     "fbeff1ee72a87644"],
    ["/root/algebraic-combinatorics/docbuild/.lake/build/doc/Batteries/Tactic/PrintOpaques.html",
     "27738264569352e7"],
    ["/root/algebraic-combinatorics/docbuild/.lake/build/doc/Batteries/Tactic/PrintPrefix.html",
     "52c78fec028b28e3"],
    ["/root/algebraic-combinatorics/docbuild/.lake/build/doc/Batteries/Tactic/SeqFocus.html",
     "a637fcb793f2def0"],
    ["/root/algebraic-combinatorics/docbuild/.lake/build/doc/Batteries/Tactic/ShowUnused.html",
     "5e95b5746844c9c3"],
    ["/root/algebraic-combinatorics/docbuild/.lake/build/doc/Batteries/Tactic/SqueezeScope.html",
     "b8ceadfb0dd18f47"],
    ["/root/algebraic-combinatorics/docbuild/.lake/build/doc/Batteries/Tactic/Trans.html",
     "13b9694ab51f1564"],
    ["/root/algebraic-combinatorics/docbuild/.lake/build/doc/Batteries/Tactic/Unreachable.html",
     "a1336ba5aa0f9ba2"],
    ["/root/algebraic-combinatorics/docbuild/.lake/build/doc/Batteries/Util/Cache.html",
     "4476f796f4c7e581"],
    ["/root/algebraic-combinatorics/docbuild/.lake/build/doc/Batteries/Util/ExtendedBinder.html",
     "29008b6e0ee82807"],
    ["/root/algebraic-combinatorics/docbuild/.lake/build/doc/Batteries/Util/LibraryNote.html",
     "6d52e3de52440bc9"],
    ["/root/algebraic-combinatorics/docbuild/.lake/build/doc/Batteries/Util/Panic.html",
     "6449406a3a84ba46"],
    ["/root/algebraic-combinatorics/docbuild/.lake/build/doc/Batteries/Util/Pickle.html",
     "c7146b9d2756acb7"],
    ["/root/algebraic-combinatorics/docbuild/.lake/build/doc/Batteries/Util/ProofWanted.html",
     "bbf2501577a14de9"]]],
  ["/root/algebraic-combinatorics/docbuild/.lake/build/doc-data/references.json",
   "a50f2257f35adb49"],
  ["/root/algebraic-combinatorics/.lake/packages/doc-gen4/.lake/build/bin/doc-gen4",
   "83873b1fb230b391"],
  ["Batteries:leanArts", "b5424f3d1c6b833c"]],
 "depHash": "00acffd38a3a37ab"}